2023-12-24 20:09:34.248 [info] Active editor: file:///home/facu/.config/waybar/config
2023-12-24 20:09:34.559 [info] Configuration changed
2023-12-24 20:09:35.382 [info] /home/facu/.config/waybar/config closed
2023-12-24 20:09:49.013 [info] Executing :w
2023-12-24 20:09:57.742 [info] Executing :w
2023-12-24 20:10:03.689 [info] Executing :w
2023-12-24 20:10:17.009 [info] Executing :w
2023-12-24 20:10:31.427 [info] /home/facu/.config/Code/User/settings.json closed
2023-12-24 20:10:31.475 [info] Configuration changed
2023-12-24 20:10:32.347 [info] /home/facu/.config/Code/User/settings.json closed
2023-12-24 20:10:32.386 [info] Configuration changed
2023-12-24 20:10:39.399 [info] Executing :w
2023-12-24 20:11:04.826 [info] Executing :w
2023-12-24 20:11:15.808 [info] Executing :w
2023-12-24 20:11:18.381 [info] Executing :w
2023-12-24 20:11:56.631 [info] Executing :W
2023-12-24 20:11:58.423 [info] Executing :w
2023-12-24 20:12:41.867 [info] Executing :w
2023-12-24 20:13:00.608 [info] Executing :w
2023-12-24 20:13:22.156 [info] Executing :w
2023-12-24 20:15:06.622 [info] /home/facu/.config/Code/User/settings.json closed
2023-12-24 20:15:06.699 [info] Configuration changed
2023-12-24 20:15:07.452 [info] /home/facu/.config/Code/User/settings.json closed
2023-12-24 20:15:07.522 [info] Configuration changed
2023-12-24 20:15:20.975 [info] Executing :w
