2024-01-17 12:15:13.095 [info] Extension host with pid 86012 started
2024-01-17 12:15:13.095 [info] Skipping acquiring lock for /home/facu/.config/Code/User/workspaceStorage/b3046e64f257eda84d2ef10ab503f994.
2024-01-17 12:15:13.140 [info] ExtensionService#_doActivateExtension vscode.git-base, startup: true, activationEvent: '*', root cause: vscode.git
2024-01-17 12:15:13.209 [info] ExtensionService#_doActivateExtension vscode.git, startup: true, activationEvent: '*'
2024-01-17 12:15:13.229 [info] ExtensionService#_doActivateExtension vscode.github, startup: true, activationEvent: '*'
2024-01-17 12:15:13.292 [info] Extension host with pid 86033 started
2024-01-17 12:15:13.292 [info] Skipping acquiring lock for /home/facu/.config/Code/User/workspaceStorage/b3046e64f257eda84d2ef10ab503f994.
2024-01-17 12:15:13.294 [info] Eager extensions activated
2024-01-17 12:15:13.310 [info] Eager extensions activated
2024-01-17 12:15:13.347 [info] ExtensionService#_doActivateExtension vscodevim.vim, startup: false, activationEvent: 'onStartupFinished'
2024-01-17 12:15:13.348 [info] ExtensionService#_doActivateExtension vscode.debug-auto-launch, startup: false, activationEvent: 'onStartupFinished'
2024-01-17 12:15:13.351 [info] ExtensionService#_doActivateExtension vscode.merge-conflict, startup: false, activationEvent: 'onStartupFinished'
2024-01-17 12:15:13.361 [info] ExtensionService#_doActivateExtension Catppuccin.catppuccin-vsc, startup: false, activationEvent: 'onStartupFinished'
2024-01-17 12:15:13.366 [info] ExtensionService#_doActivateExtension formulahendry.code-runner, startup: false, activationEvent: 'onStartupFinished'
2024-01-17 12:15:13.400 [info] ExtensionService#_doActivateExtension PKief.material-icon-theme, startup: false, activationEvent: 'onStartupFinished'
2024-01-17 12:15:13.408 [info] ExtensionService#_doActivateExtension ritwickdey.LiveServer, startup: false, activationEvent: 'onStartupFinished'
2024-01-17 12:15:13.418 [info] ExtensionService#_doActivateExtension streetsidesoftware.code-spell-checker, startup: false, activationEvent: 'onStartupFinished'
2024-01-17 12:15:37.514 [info] ExtensionService#_doActivateExtension vscode.emmet, startup: false, activationEvent: 'onLanguage'
2024-01-17 12:15:51.233 [info] ExtensionService#_doActivateExtension vscode.json-language-features, startup: false, activationEvent: 'onLanguage:jsonc'
2024-01-17 12:15:51.263 [info] ExtensionService#_doActivateExtension vscode.typescript-language-features, startup: false, activationEvent: 'onLanguage:jsonc'
2024-01-17 12:17:53.117 [info] Extension host terminating: renderer closed the MessagePort
2024-01-17 12:17:53.120 [info] Extension host terminating: renderer closed the MessagePort
2024-01-17 12:17:53.122 [info] Extension host with pid 86033 exiting with code 0
2024-01-17 12:17:54.029 [info] Extension host with pid 86012 exiting with code 0
