2024-01-17 12:19:10.613 [info] Configuration changed
2024-01-17 12:19:10.827 [info] Configuration changed
2024-01-17 12:19:11.097 [info] Configuration changed
2024-01-17 12:19:15.972 [info] Active editor: file:///home/facu/repos/top/intermediatHtml/emmet/index.html
2024-01-17 12:19:16.534 [info] /home/facu/.config/Code/User/settings.json closed
2024-01-17 12:19:16.568 [info] Configuration changed
2024-01-17 12:19:17.453 [info] /home/facu/.config/Code/User/settings.json closed
2024-01-17 12:19:17.474 [info] Configuration changed
2024-01-17 12:19:17.863 [info] /home/facu/.config/Code/User/settings.json closed
2024-01-17 12:19:17.888 [info] Configuration changed
2024-01-17 12:21:59.932 [info] Active editor: vscode-userdata:/home/facu/.config/Code/User/settings.json
2024-01-17 12:22:02.792 [info] /home/facu/.config/Code/User/settings.json closed
2024-01-17 12:22:02.798 [info] Active editor: file:///home/facu/repos/top/intermediatHtml/emmet/index.html
2024-01-17 12:25:00.437 [info] /settings/user closed
2024-01-17 12:25:00.732 [info] /settings/resourceLanguage closed
2024-01-17 12:25:00.735 [info] /ignoredSettings closed
2024-01-17 12:25:00.847 [info] /launch closed
2024-01-17 12:25:00.921 [info] /token-styling closed
2024-01-17 12:25:00.958 [info] /textmate-colors closed
2024-01-17 12:25:00.985 [info] /workbench-colors closed
2024-01-17 12:38:03.716 [info] Active editor: file:///home/facu/repos/top/intermediatHtml/emmet/index.html
2024-01-17 13:02:22.414 [info] Active editor: file:///home/facu/repos/top/intermediatHtml/emmet/index.html
