2023-12-23 17:03:22.187 [info] Log level: Info
2023-12-23 17:03:22.187 [info] Validating found git in: "git"
2023-12-23 17:03:22.187 [info] Using git "2.43.0" from "git"
2023-12-23 17:03:22.187 [info] > git rev-parse --show-toplevel [10ms]
2023-12-23 17:03:22.187 [info] fatal: not a git repository (or any of the parent directories): .git
2023-12-23 17:03:22.187 [info] > git rev-parse --show-toplevel [4ms]
2023-12-23 17:03:22.187 [info] fatal: not a git repository (or any of the parent directories): .git
2023-12-23 17:03:22.187 [info] > git rev-parse --show-toplevel [13ms]
2023-12-23 17:03:22.187 [info] fatal: not a git repository (or any of the parent directories): .git
2023-12-23 17:03:22.193 [info] > git rev-parse --show-toplevel [2ms]
2023-12-23 17:03:22.193 [info] fatal: not a git repository (or any of the parent directories): .git
2023-12-23 17:03:22.199 [info] > git rev-parse --show-toplevel [1ms]
2023-12-23 17:03:22.199 [info] fatal: not a git repository (or any of the parent directories): .git
2023-12-23 17:03:22.206 [info] > git rev-parse --show-toplevel [1ms]
2023-12-23 17:03:22.206 [info] fatal: not a git repository (or any of the parent directories): .git
2023-12-23 17:03:22.213 [info] > git rev-parse --show-toplevel [2ms]
2023-12-23 17:03:22.213 [info] fatal: not a git repository (or any of the parent directories): .git
2023-12-23 17:03:22.221 [info] > git rev-parse --show-toplevel [2ms]
2023-12-23 17:03:22.221 [info] fatal: not a git repository (or any of the parent directories): .git
2023-12-23 17:03:22.229 [info] > git rev-parse --show-toplevel [1ms]
2023-12-23 17:03:22.229 [info] fatal: not a git repository (or any of the parent directories): .git
2023-12-23 17:03:22.236 [info] > git rev-parse --show-toplevel [1ms]
2023-12-23 17:03:22.236 [info] fatal: not a git repository (or any of the parent directories): .git
2023-12-23 17:03:22.241 [info] > git rev-parse --show-toplevel [1ms]
2023-12-23 17:03:22.241 [info] fatal: not a git repository (or any of the parent directories): .git
2023-12-23 17:03:22.248 [info] > git rev-parse --show-toplevel [1ms]
2023-12-23 17:03:22.253 [info] > git rev-parse --git-dir --git-common-dir [1ms]
2023-12-23 17:03:22.266 [info] Open repository: /home/facu/.oh-my-zsh
2023-12-23 17:03:22.277 [info] > git config --get commit.template [4ms]
2023-12-23 17:03:22.277 [info] > git rev-parse --show-toplevel [1ms]
2023-12-23 17:03:22.277 [info] fatal: not a git repository (or any of the parent directories): .git
2023-12-23 17:03:22.287 [info] > git for-each-ref --format=%(refname)%00%(upstream:short)%00%(objectname)%00%(upstream:track)%00%(upstream:remotename)%00%(upstream:remoteref) refs/heads/master refs/remotes/master [5ms]
2023-12-23 17:03:22.288 [info] > git rev-parse --show-toplevel [2ms]
2023-12-23 17:03:22.288 [info] fatal: not a git repository (or any of the parent directories): .git
2023-12-23 17:03:22.295 [info] > git rev-parse --show-toplevel [1ms]
2023-12-23 17:03:22.295 [info] fatal: not a git repository (or any of the parent directories): .git
2023-12-23 17:03:22.308 [info] > git rev-parse --show-toplevel [3ms]
2023-12-23 17:03:22.308 [info] fatal: not a git repository (or any of the parent directories): .git
2023-12-23 17:03:22.317 [info] > git rev-parse --show-toplevel [1ms]
2023-12-23 17:03:22.317 [info] fatal: not a git repository (or any of the parent directories): .git
2023-12-23 17:03:22.324 [info] > git rev-parse --show-toplevel [1ms]
2023-12-23 17:03:22.324 [info] fatal: not a git repository (or any of the parent directories): .git
2023-12-23 17:03:22.331 [info] > git rev-parse --show-toplevel [2ms]
2023-12-23 17:03:22.331 [info] fatal: not a git repository (or any of the parent directories): .git
2023-12-23 17:03:22.338 [info] > git rev-parse --show-toplevel [1ms]
2023-12-23 17:03:22.338 [info] fatal: not a git repository (or any of the parent directories): .git
2023-12-23 17:03:22.347 [info] > git rev-parse --show-toplevel [1ms]
2023-12-23 17:03:22.347 [info] fatal: not a git repository (or any of the parent directories): .git
2023-12-23 17:03:22.354 [info] > git rev-parse --show-toplevel [2ms]
2023-12-23 17:03:22.354 [info] fatal: not a git repository (or any of the parent directories): .git
2023-12-23 17:03:22.362 [info] > git rev-parse --show-toplevel [2ms]
2023-12-23 17:03:22.362 [info] fatal: not a git repository (or any of the parent directories): .git
2023-12-23 17:03:22.376 [info] > git rev-parse --show-toplevel [9ms]
2023-12-23 17:03:22.376 [info] fatal: not a git repository (or any of the parent directories): .git
2023-12-23 17:03:22.386 [info] > git rev-parse --show-toplevel [2ms]
2023-12-23 17:03:22.386 [info] fatal: not a git repository (or any of the parent directories): .git
2023-12-23 17:03:22.392 [info] > git rev-parse --show-toplevel [1ms]
2023-12-23 17:03:22.392 [info] fatal: not a git repository (or any of the parent directories): .git
2023-12-23 17:03:22.579 [info] > git status -z -uall [279ms]
2023-12-23 17:03:22.602 [info] > git config --get commit.template [5ms]
2023-12-23 17:03:22.602 [info] > git rev-parse --show-toplevel [1ms]
2023-12-23 17:03:22.602 [info] fatal: not a git repository (or any of the parent directories): .git
2023-12-23 17:03:22.608 [info] > git for-each-ref --format=%(refname)%00%(upstream:short)%00%(objectname)%00%(upstream:track)%00%(upstream:remotename)%00%(upstream:remoteref) refs/heads/master refs/remotes/master [2ms]
2023-12-23 17:03:22.649 [info] > git status -z -uall [36ms]
2023-12-23 17:03:22.816 [info] > git check-ignore -v -z --stdin [1ms]
2023-12-23 17:04:13.650 [info] > git rev-parse --show-toplevel [2ms]
2023-12-23 17:04:13.650 [info] fatal: not a git repository (or any of the parent directories): .git
2023-12-23 17:04:41.872 [info] > git rev-parse --show-toplevel [3ms]
2023-12-23 17:04:41.872 [info] fatal: not a git repository (or any of the parent directories): .git
2023-12-23 17:04:50.516 [info] > git rev-parse --show-toplevel [1ms]
2023-12-23 17:04:50.516 [info] fatal: not a git repository (or any of the parent directories): .git
2023-12-23 17:04:51.148 [warning] Failed to get repository realpath for: "/home/facu/.vscode/extensions/.042855a2-16e7-4970-be4e-ca4d4c2976a0/". Error: ENOENT: no such file or directory, realpath '/home/facu/.vscode/extensions/.042855a2-16e7-4970-be4e-ca4d4c2976a0/'
2023-12-23 17:05:00.162 [info] > git rev-parse --show-toplevel [2ms]
2023-12-23 17:05:00.162 [info] fatal: not a git repository (or any of the parent directories): .git
2023-12-23 17:05:34.797 [info] > git rev-parse --show-toplevel [2ms]
2023-12-23 17:05:34.797 [info] fatal: not a git repository (or any of the parent directories): .git
2023-12-23 17:05:36.440 [info] > git rev-parse --show-toplevel [2ms]
2023-12-23 17:05:36.440 [info] fatal: not a git repository (or any of the parent directories): .git
2023-12-23 17:05:45.859 [info] > git rev-parse --show-toplevel [1ms]
2023-12-23 17:05:45.859 [info] fatal: not a git repository (or any of the parent directories): .git
2023-12-23 17:05:47.862 [info] > git rev-parse --show-toplevel [2ms]
2023-12-23 17:05:47.862 [info] fatal: not a git repository (or any of the parent directories): .git
2023-12-23 17:05:51.453 [info] > git rev-parse --show-toplevel [1ms]
2023-12-23 17:05:51.453 [info] fatal: not a git repository (or any of the parent directories): .git
2023-12-23 17:06:08.260 [info] > git rev-parse --show-toplevel [1ms]
2023-12-23 17:06:08.260 [info] fatal: not a git repository (or any of the parent directories): .git
2023-12-23 17:06:09.374 [info] > git rev-parse --show-toplevel [1ms]
2023-12-23 17:06:09.374 [info] fatal: not a git repository (or any of the parent directories): .git
