2024-01-18 15:01:06.785 [info] Configuration changed
2024-01-18 15:01:07.018 [info] Configuration changed
2024-01-18 15:01:07.389 [info] Configuration changed
2024-01-18 15:01:11.916 [info] Active editor: file:///home/facu/repos/top/midHtmlCss/pseudoElements/index.html
2024-01-18 15:01:17.173 [info] Active editor: file:///home/facu/repos/top/midHtmlCss/pseudoElements/styles.css
2024-01-18 15:01:20.892 [info] Active editor: file:///home/facu/repos/top/midHtmlCss/pseudoElements/styles.css
2024-01-18 15:01:21.483 [info] Active editor: file:///home/facu/repos/top/midHtmlCss/pseudoElements/index.html
2024-01-18 15:02:12.965 [info] Executing :w
2024-01-18 15:02:17.923 [info] Executing :w
2024-01-18 15:02:20.999 [info] Executing :7
2024-01-18 15:02:34.147 [info] Executing :w
2024-01-18 15:03:59.110 [info] Active editor: file:///home/facu/repos/top/midHtmlCss/pseudoElements/styles.css
2024-01-18 15:04:01.142 [info] Active editor: file:///home/facu/repos/top/midHtmlCss/pseudoElements/index.html
2024-01-18 15:04:04.409 [info] Active editor: file:///home/facu/repos/top/midHtmlCss/pseudoElements/styles.css
2024-01-18 15:04:13.364 [info] Active editor: file:///home/facu/repos/top/midHtmlCss/pseudoElements/index.html
2024-01-18 15:04:13.940 [info] Active editor: file:///home/facu/repos/top/midHtmlCss/pseudoElements/styles.css
2024-01-18 15:04:14.905 [info] Active editor: file:///home/facu/repos/top/midHtmlCss/pseudoElements/index.html
2024-01-18 15:04:33.701 [info] Executing :W
2024-01-18 15:04:34.801 [info] Executing :w
2024-01-18 15:04:36.482 [info] Active editor: file:///home/facu/repos/top/midHtmlCss/pseudoElements/styles.css
2024-01-18 15:04:44.937 [info] Active editor: file:///home/facu/repos/top/midHtmlCss/pseudoElements/index.html
2024-01-18 15:04:59.202 [info] Active editor: file:///home/facu/repos/top/midHtmlCss/pseudoElements/styles.css
2024-01-18 15:05:13.490 [info] Executing :w
2024-01-18 15:07:10.794 [info] Active editor: file:///home/facu/repos/top/midHtmlCss/pseudoElements/index.html
2024-01-18 15:07:37.927 [info] Executing :w
2024-01-18 15:07:39.822 [info] Active editor: file:///home/facu/repos/top/midHtmlCss/pseudoElements/styles.css
2024-01-18 15:07:40.147 [info] Active editor: file:///home/facu/repos/top/midHtmlCss/pseudoElements/index.html
2024-01-18 15:08:10.613 [info] Executing :w
2024-01-18 15:08:10.970 [info] Active editor: file:///home/facu/repos/top/midHtmlCss/pseudoElements/styles.css
2024-01-18 15:08:24.798 [info] Executing :w
2024-01-18 15:08:33.457 [info] Executing :w
2024-01-18 15:08:45.831 [info] Executing :w
2024-01-18 15:08:52.079 [info] Executing :w
2024-01-18 15:08:52.370 [info] Active editor: file:///home/facu/repos/top/midHtmlCss/pseudoElements/index.html
2024-01-18 15:08:54.509 [info] Active editor: file:///home/facu/repos/top/midHtmlCss/pseudoElements/styles.css
2024-01-18 15:08:55.309 [info] Active editor: file:///home/facu/repos/top/midHtmlCss/pseudoElements/index.html
2024-01-18 15:09:04.369 [info] Executing :w
2024-01-18 15:09:07.564 [info] Active editor: file:///home/facu/repos/top/midHtmlCss/pseudoElements/styles.css
2024-01-18 15:09:11.290 [info] Executing :w
2024-01-18 15:09:16.945 [info] Executing :w
2024-01-18 15:09:23.653 [info] Executing :w
2024-01-18 15:09:26.933 [info] Executing :w
2024-01-18 15:09:29.052 [info] Active editor: file:///home/facu/repos/top/midHtmlCss/pseudoElements/index.html
2024-01-18 15:09:39.876 [info] Executing :w
2024-01-18 15:09:40.462 [info] Active editor: file:///home/facu/repos/top/midHtmlCss/pseudoElements/styles.css
2024-01-18 15:09:57.496 [info] Executing :w
2024-01-18 15:22:26.444 [info] Active editor: file:///home/facu/repos/top/midHtmlCss/pseudoElements/index.html
2024-01-18 15:22:34.318 [info] Executing :w
2024-01-18 15:22:39.286 [info] Active editor: file:///home/facu/repos/top/midHtmlCss/pseudoElements/styles.css
2024-01-18 15:22:53.700 [info] Executing :w
2024-01-18 15:23:01.515 [info] Executing :w
2024-01-18 15:23:13.129 [info] Executing :w
2024-01-18 15:23:21.066 [info] Executing :w
2024-01-18 15:23:28.430 [info] Executing :w
2024-01-18 15:23:39.038 [info] Executing :w
2024-01-18 15:23:46.578 [info] Executing :w
2024-01-18 15:23:52.865 [info] Executing :w
2024-01-18 15:55:35.559 [info] Active editor: file:///home/facu/repos/top/midHtmlCss/pseudoElements/index.html
2024-01-18 15:55:36.515 [info] Active editor: file:///home/facu/repos/top/midHtmlCss/pseudoElements/styles.css
2024-01-18 15:55:37.029 [info] Active editor: file:///home/facu/repos/top/midHtmlCss/pseudoElements/index.html
2024-01-18 15:55:37.475 [info] Active editor: file:///home/facu/repos/top/midHtmlCss/pseudoElements/styles.css
2024-01-18 15:55:39.942 [info] Active editor: file:///home/facu/repos/top/midHtmlCss/pseudoElements/index.html
2024-01-18 15:55:40.970 [info] Active editor: file:///home/facu/repos/top/midHtmlCss/pseudoElements/styles.css
