2024-01-18 20:15:12.531 [info] /home/facu/repos/top/midHtmlCss/position/styles.css closed
2024-01-18 20:15:12.622 [info] Active editor: file:///home/facu/repos/top/midHtmlCss/position/index.html
2024-01-18 20:15:14.974 [info] Configuration changed
2024-01-18 20:15:15.108 [info] Configuration changed
2024-01-18 20:15:15.646 [info] Configuration changed
2024-01-18 20:15:16.126 [info] Configuration changed
2024-01-18 20:15:16.384 [info] Configuration changed
2024-01-18 20:15:19.648 [info] /home/facu/repos/top/midHtmlCss/position/index.html closed
2024-01-18 20:15:28.099 [info] Active editor: file:///home/facu/repos/top/midHtmlCss/functions/index.html
2024-01-18 20:15:31.969 [info] Active editor: file:///home/facu/repos/top/midHtmlCss/functions/styles.css
2024-01-18 20:15:33.610 [info] Active editor: file:///home/facu/repos/top/midHtmlCss/functions/index.html
2024-01-18 20:16:34.591 [info] Active editor: file:///home/facu/repos/top/midHtmlCss/package.json
2024-01-18 20:16:36.616 [info] /home/facu/repos/top/midHtmlCss/package.json closed
2024-01-18 20:16:36.782 [info] Active editor: file:///home/facu/repos/top/midHtmlCss/package-lock.json
2024-01-18 20:16:41.932 [info] Active editor: file:///home/facu/repos/top/midHtmlCss/functions/index.html
2024-01-18 20:16:45.028 [info] /home/facu/repos/top/midHtmlCss/package-lock.json closed
2024-01-18 20:16:45.053 [info] Active editor: file:///home/facu/repos/top/midHtmlCss/node_modules/.package-lock.json
2024-01-18 20:16:46.950 [info] /home/facu/repos/top/midHtmlCss/node_modules/.package-lock.json closed
2024-01-18 20:16:46.975 [info] Active editor: file:///home/facu/repos/top/midHtmlCss/node_modules/modern-normalize/modern-normalize.css
2024-01-18 20:16:52.151 [info] Active editor: file:///home/facu/repos/top/midHtmlCss/functions/styles.css
2024-01-18 20:16:53.326 [info] Active editor: file:///home/facu/repos/top/midHtmlCss/functions/index.html
2024-01-18 20:17:28.453 [info] Executing :w
2024-01-18 20:17:33.769 [info] Active editor: file:///home/facu/repos/top/midHtmlCss/node_modules/modern-normalize/modern-normalize.css
2024-01-18 20:17:34.112 [info] Active editor: file:///home/facu/repos/top/midHtmlCss/functions/styles.css
2024-01-18 20:17:53.195 [info] Executing :w
2024-01-18 20:17:56.803 [info] Active editor: file:///home/facu/repos/top/midHtmlCss/functions/index.html
2024-01-18 20:18:06.092 [info] Active editor: file:///home/facu/repos/top/midHtmlCss/node_modules/modern-normalize/modern-normalize.css
2024-01-18 20:18:14.024 [info] /home/facu/repos/top/midHtmlCss/node_modules/modern-normalize/modern-normalize.css closed
2024-01-18 20:18:14.030 [info] Active editor: file:///home/facu/repos/top/midHtmlCss/functions/index.html
2024-01-18 20:19:12.024 [info] Active editor: file:///home/facu/repos/top/midHtmlCss/functions/styles.css
2024-01-18 20:19:17.600 [info] Active editor: file:///home/facu/repos/top/midHtmlCss/functions/index.html
2024-01-18 20:19:34.424 [info] Active editor: file:///home/facu/repos/top/midHtmlCss/functions/styles.css
2024-01-18 20:19:36.345 [info] /vscode-extensions closed
2024-01-18 20:19:36.502 [info] /settings/configurationDefaults closed
2024-01-18 20:19:36.643 [info] /settings/resourceLanguage closed
2024-01-18 20:19:36.753 [info] /launch closed
2024-01-18 20:19:36.766 [info] /token-styling closed
2024-01-18 20:19:36.767 [info] /textmate-colors closed
2024-01-18 20:19:36.770 [info] /workbench-colors closed
2024-01-18 20:19:59.170 [info] Executing :w
2024-01-18 20:20:16.386 [info] Executing :w
2024-01-18 20:20:27.256 [info] Executing :w
2024-01-18 20:20:33.558 [info] Executing :w
2024-01-18 20:20:42.865 [info] Executing :w
2024-01-18 20:20:49.344 [info] Executing :w
2024-01-18 20:20:56.245 [info] Executing :w
2024-01-18 20:21:25.241 [info] Executing :w
2024-01-18 20:21:51.580 [info] Executing :w
2024-01-18 20:22:00.568 [info] Executing :w
2024-01-18 20:22:06.852 [info] Executing :w
2024-01-18 20:22:23.759 [info] Executing :w
2024-01-18 20:23:47.259 [info] Executing :w
2024-01-18 20:23:54.431 [info] Active editor: file:///home/facu/repos/top/midHtmlCss/functions/index.html
2024-01-18 20:24:05.963 [warning] invalid cursor position. [[13, 4] | [13, 21]].
2024-01-18 20:24:06.690 [info] Active editor: file:///home/facu/repos/top/midHtmlCss/functions/styles.css
2024-01-18 20:24:11.269 [info] Executing :w
2024-01-18 20:24:16.572 [info] Executing :w
2024-01-18 20:24:21.870 [info] Executing :w
2024-01-18 20:24:36.593 [info] Executing :w
2024-01-18 20:24:58.810 [info] Executing :w
2024-01-18 20:25:29.254 [info] Executing :w
2024-01-18 20:25:58.363 [info] Executing :w
2024-01-18 20:26:07.622 [info] Executing :w
2024-01-18 20:26:11.340 [info] Active editor: file:///home/facu/repos/top/midHtmlCss/functions/index.html
2024-01-18 20:26:12.352 [warning] invalid cursor position. [[13, 4] | [13, 21]].
2024-01-18 20:26:17.960 [info] Executing :w
2024-01-18 20:26:28.563 [info] Executing :w
2024-01-18 20:26:32.576 [info] Active editor: file:///home/facu/repos/top/midHtmlCss/functions/styles.css
2024-01-18 20:27:13.678 [info] Executing :w
2024-01-18 20:27:27.200 [info] Executing :w
2024-01-18 20:27:44.271 [info] Executing :w
2024-01-18 20:28:11.505 [info] Executing :w
2024-01-18 20:28:16.685 [info] Executing :w
2024-01-18 20:28:18.865 [info] Active editor: file:///home/facu/repos/top/midHtmlCss/functions/index.html
2024-01-18 20:28:20.850 [info] Active editor: file:///home/facu/repos/top/midHtmlCss/functions/styles.css
2024-01-18 20:28:29.049 [info] Executing :w
2024-01-18 20:29:14.146 [info] Executing :w
2024-01-18 20:30:48.216 [warning] Ignoring slipped selection: [22, 16; 22, 16]
2024-01-18 20:30:51.163 [warning] Ignoring slipped selection: [22, 22; 22, 22]
2024-01-18 20:30:53.967 [info] Executing :w
2024-01-18 20:30:55.599 [info] Executing :w
2024-01-18 20:31:04.935 [warning] Ignoring slipped selection: [22, 34; 22, 34]
2024-01-18 20:31:06.922 [info] Executing :w:w
2024-01-18 20:31:07.685 [info] Executing :w
2024-01-18 20:31:09.611 [info] Executing :w
2024-01-18 20:31:10.836 [warning] Ignoring slipped selection: [29, 1; 29, 1]
2024-01-18 20:32:46.374 [info] Executing :w
2024-01-18 20:32:53.052 [info] Executing :w
2024-01-18 20:37:07.314 [info] Active editor: file:///home/facu/repos/top/midHtmlCss/functions/index.html
2024-01-18 20:37:10.251 [info] Active editor: file:///home/facu/repos/top/midHtmlCss/functions/styles.css
2024-01-18 20:37:10.255 [warning] Ignoring slipped selection: [3, 40; 3, 40]
2024-01-18 20:37:16.899 [info] Executing :w
2024-01-18 20:37:21.150 [info] Executing :w
2024-01-18 20:37:25.708 [info] Active editor: file:///home/facu/repos/top/midHtmlCss/functions/index.html
2024-01-18 20:37:26.074 [info] Active editor: file:///home/facu/repos/top/midHtmlCss/functions/styles.css
2024-01-18 20:37:26.075 [warning] Ignoring slipped selection: [23, 0; 23, 0]
2024-01-18 20:37:26.795 [info] Active editor: file:///home/facu/repos/top/midHtmlCss/functions/index.html
2024-01-18 20:37:27.132 [info] Active editor: file:///home/facu/repos/top/midHtmlCss/functions/styles.css
2024-01-18 20:37:27.134 [warning] Ignoring slipped selection: [23, 0; 23, 0]
2024-01-18 20:37:27.487 [info] Active editor: file:///home/facu/repos/top/midHtmlCss/functions/index.html
2024-01-18 20:37:55.633 [info] Executing :w
2024-01-18 20:37:57.880 [info] Active editor: file:///home/facu/repos/top/midHtmlCss/functions/styles.css
2024-01-18 20:37:57.881 [warning] Ignoring slipped selection: [23, 0; 23, 0]
2024-01-18 20:38:08.635 [warning] Ignoring slipped selection: [30, 20; 30, 20]
2024-01-18 20:38:13.310 [warning] Ignoring slipped selection: [30, 11; 30, 11]
2024-01-18 20:38:14.281 [warning] Ignoring slipped selection: [30, 22; 30, 22]
2024-01-18 20:38:38.935 [info] Executing :w
2024-01-18 20:38:38.998 [warning] Ignoring slipped selection: [31, 25; 31, 25]
2024-01-18 20:39:37.497 [info] Active editor: file:///home/facu/repos/top/midHtmlCss/functions/index.html
2024-01-18 20:39:45.089 [info] Executing :w
2024-01-18 20:39:45.604 [info] Active editor: file:///home/facu/repos/top/midHtmlCss/functions/styles.css
2024-01-18 20:39:45.605 [warning] Ignoring slipped selection: [31, 25; 31, 25]
2024-01-18 20:40:25.443 [info] Active editor: file:///home/facu/repos/top/midHtmlCss/functions/index.html
2024-01-18 20:40:27.044 [info] Active editor: file:///home/facu/repos/top/midHtmlCss/functions/styles.css
2024-01-18 20:40:27.046 [warning] Ignoring slipped selection: [31, 25; 31, 25]
2024-01-18 20:40:30.086 [warning] Ignoring slipped selection: [31, 12; 31, 12]
2024-01-18 20:40:37.434 [info] Executing :w
2024-01-18 20:42:31.795 [info] Executing :w
2024-01-18 20:51:05.598 [info] Active editor: file:///home/facu/repos/top/midHtmlCss/functions/index.html
2024-01-18 20:51:11.390 [info] Active editor: file:///home/facu/repos/top/midHtmlCss/functions/styles.css
2024-01-18 20:51:11.392 [warning] Ignoring slipped selection: [31, 27; 31, 27]
2024-01-18 20:51:12.552 [warning] Ignoring slipped selection: [33, 1; 33, 1]
2024-01-18 20:51:16.093 [warning] Ignoring slipped selection: [10, 1; 10, 1]
2024-01-18 20:51:16.530 [info] Active editor: file:///home/facu/repos/top/midHtmlCss/functions/index.html
2024-01-18 20:51:21.638 [info] Executing :w
2024-01-18 20:51:21.907 [info] Active editor: file:///home/facu/repos/top/midHtmlCss/functions/styles.css
2024-01-18 20:51:21.908 [warning] Ignoring slipped selection: [10, 1; 10, 1]
2024-01-18 20:51:22.578 [info] Active editor: file:///home/facu/repos/top/midHtmlCss/functions/index.html
2024-01-18 20:51:26.334 [info] Executing :w
2024-01-18 20:51:27.755 [info] Active editor: file:///home/facu/repos/top/midHtmlCss/functions/styles.css
2024-01-18 20:51:27.756 [warning] Ignoring slipped selection: [10, 1; 10, 1]
2024-01-18 20:51:35.465 [warning] Ignoring slipped selection: [7, 13; 7, 13]
2024-01-18 20:51:38.315 [warning] Ignoring slipped selection: [8, 21; 8, 21]
2024-01-18 20:51:41.194 [warning] Ignoring slipped selection: [9, 17; 9, 17]
2024-01-18 20:51:43.152 [info] Executing :w
2024-01-18 20:51:47.168 [warning] Ignoring slipped selection: [16, 11; 16, 11]
2024-01-18 20:52:02.383 [info] Executing :w
2024-01-18 20:52:06.594 [info] Executing :w
2024-01-18 20:52:08.972 [warning] Ignoring slipped selection: [17, 11; 17, 11]
2024-01-18 20:52:23.071 [info] Executing :w
2024-01-18 20:52:23.124 [warning] Ignoring slipped selection: [17, 25; 17, 25]
2024-01-18 20:52:26.860 [warning] Ignoring slipped selection: [18, 22; 18, 26]
2024-01-18 20:52:29.903 [warning] Ignoring slipped selection: [18, 32; 18, 32]
2024-01-18 20:52:30.914 [info] Executing :W
2024-01-18 20:52:33.499 [info] Executing :w
2024-01-18 20:52:39.044 [info] Executing :w
2024-01-18 20:52:53.908 [info] Executing :w
2024-01-18 21:04:58.515 [info] Executing :W
2024-01-18 21:04:59.704 [info] Executing :W
2024-01-18 21:05:01.088 [info] Executing :w
2024-01-18 21:05:06.479 [warning] Ignoring slipped selection: [16, 10; 16, 10]
2024-01-18 21:05:09.001 [warning] Ignoring slipped selection: [16, 13; 16, 13]
2024-01-18 21:05:33.994 [info] Executing :w
2024-01-18 21:05:34.241 [warning] Ignoring slipped selection: [16, 36; 16, 36]
2024-01-18 21:06:02.488 [warning] Ignoring slipped selection: [16, 22; 16, 22]
2024-01-18 21:06:06.887 [info] Executing :w
2024-01-18 21:06:38.222 [info] Executing :w
2024-01-18 21:06:50.189 [info] Active editor: file:///home/facu/repos/top/midHtmlCss/functions/index.html
2024-01-18 21:07:03.535 [info] Executing :w
2024-01-18 21:07:16.880 [info] Active editor: file:///home/facu/repos/top/midHtmlCss/functions/styles.css
2024-01-18 21:07:16.883 [warning] Ignoring slipped selection: [16, 29; 16, 29]
