2023-12-23 15:04:27.564 [info] Log level: Info
2023-12-23 15:04:27.564 [info] Validating found git in: "git"
2023-12-23 15:04:27.564 [info] Using git "2.43.0" from "git"
2023-12-23 15:04:27.564 [info] > git rev-parse --show-toplevel [11ms]
2023-12-23 15:04:27.564 [info] fatal: not a git repository (or any of the parent directories): .git
2023-12-23 15:04:27.564 [info] > git rev-parse --show-toplevel [1ms]
2023-12-23 15:04:27.564 [info] fatal: not a git repository (or any of the parent directories): .git
2023-12-23 15:04:27.564 [info] > git rev-parse --show-toplevel [1ms]
2023-12-23 15:04:27.564 [info] fatal: not a git repository (or any of the parent directories): .git
2023-12-23 15:04:27.570 [info] > git rev-parse --show-toplevel [1ms]
2023-12-23 15:04:27.570 [info] fatal: not a git repository (or any of the parent directories): .git
2023-12-23 15:04:27.576 [info] > git rev-parse --show-toplevel [1ms]
2023-12-23 15:04:27.576 [info] fatal: not a git repository (or any of the parent directories): .git
2023-12-23 15:04:27.581 [info] > git rev-parse --show-toplevel [1ms]
2023-12-23 15:04:27.581 [info] fatal: not a git repository (or any of the parent directories): .git
2023-12-23 15:04:27.586 [info] > git rev-parse --show-toplevel [1ms]
2023-12-23 15:04:27.586 [info] fatal: not a git repository (or any of the parent directories): .git
2023-12-23 15:04:28.891 [info] > git rev-parse --show-toplevel [1ms]
2023-12-23 15:04:28.891 [info] fatal: not a git repository (or any of the parent directories): .git
2023-12-23 15:04:36.518 [info] > git rev-parse --show-toplevel [1ms]
2023-12-23 15:04:36.518 [info] fatal: not a git repository (or any of the parent directories): .git
2023-12-23 15:04:37.562 [info] > git rev-parse --show-toplevel [1ms]
2023-12-23 15:04:37.562 [info] fatal: not a git repository (or any of the parent directories): .git
2023-12-23 15:04:38.114 [info] > git rev-parse --show-toplevel [2ms]
2023-12-23 15:04:38.114 [info] fatal: not a git repository (or any of the parent directories): .git
2023-12-23 15:05:01.128 [info] > git rev-parse --show-toplevel [1ms]
2023-12-23 15:05:01.128 [info] fatal: not a git repository (or any of the parent directories): .git
