2024-01-19 08:08:21.753 [info] Extension host with pid 8233 started
2024-01-19 08:08:21.753 [info] Skipping acquiring lock for /home/facu/.config/Code/User/workspaceStorage/d34cece8179d613e1f1f91c83efdb47f.
2024-01-19 08:08:21.829 [info] ExtensionService#_doActivateExtension vscode.emmet, startup: false, activationEvent: 'onLanguage'
2024-01-19 08:08:21.849 [info] ExtensionService#_doActivateExtension vscode.css-language-features, startup: false, activationEvent: 'onLanguage:css'
2024-01-19 08:08:22.304 [info] Extension host with pid 8298 started
2024-01-19 08:08:22.304 [info] Skipping acquiring lock for /home/facu/.config/Code/User/workspaceStorage/d34cece8179d613e1f1f91c83efdb47f.
2024-01-19 08:08:22.443 [info] Eager extensions activated
2024-01-19 08:08:22.452 [info] ExtensionService#_doActivateExtension vscode.html-language-features, startup: false, activationEvent: 'onLanguage:html'
2024-01-19 08:08:22.467 [info] ExtensionService#_doActivateExtension vscodevim.vim, startup: false, activationEvent: 'onStartupFinished'
2024-01-19 08:08:22.760 [info] ExtensionService#_doActivateExtension vscode.git-base, startup: true, activationEvent: '*', root cause: vscode.git
2024-01-19 08:08:22.766 [info] ExtensionService#_doActivateExtension vscode.npm, startup: true, activationEvent: 'workspaceContains:package.json'
2024-01-19 08:08:22.845 [info] ExtensionService#_doActivateExtension vscode.git, startup: true, activationEvent: '*'
2024-01-19 08:08:22.903 [info] ExtensionService#_doActivateExtension vscode.github, startup: true, activationEvent: '*'
2024-01-19 08:08:23.027 [info] Eager extensions activated
2024-01-19 08:08:23.057 [info] ExtensionService#_doActivateExtension vscode.debug-auto-launch, startup: false, activationEvent: 'onStartupFinished'
2024-01-19 08:08:23.063 [info] ExtensionService#_doActivateExtension vscode.merge-conflict, startup: false, activationEvent: 'onStartupFinished'
2024-01-19 08:08:23.076 [info] ExtensionService#_doActivateExtension Catppuccin.catppuccin-vsc, startup: false, activationEvent: 'onStartupFinished'
2024-01-19 08:08:23.082 [info] ExtensionService#_doActivateExtension formulahendry.code-runner, startup: false, activationEvent: 'onStartupFinished'
2024-01-19 08:08:23.182 [info] ExtensionService#_doActivateExtension PKief.material-icon-theme, startup: false, activationEvent: 'onStartupFinished'
2024-01-19 08:08:23.198 [info] ExtensionService#_doActivateExtension ritwickdey.LiveServer, startup: false, activationEvent: 'onStartupFinished'
2024-01-19 08:08:23.215 [info] ExtensionService#_doActivateExtension streetsidesoftware.code-spell-checker, startup: false, activationEvent: 'onStartupFinished'
