2023-12-25 16:07:24.722 [info] Log level: Info
2023-12-25 16:07:24.722 [info] Validating found git in: "git"
2023-12-25 16:07:24.722 [info] Using git "2.43.0" from "git"
2023-12-25 16:07:24.722 [info] > git rev-parse --show-toplevel [5ms]
2023-12-25 16:07:24.722 [info] > git rev-parse --git-dir --git-common-dir [82ms]
2023-12-25 16:07:24.722 [info] Open repository: /home/facu/.config
2023-12-25 16:07:24.724 [info] > git rev-parse --show-toplevel [12ms]
2023-12-25 16:07:24.726 [info] > git config --get commit.template [22ms]
2023-12-25 16:07:24.751 [info] > git rev-parse --show-toplevel [9ms]
2023-12-25 16:07:24.762 [info] > git for-each-ref --format=%(refname)%00%(upstream:short)%00%(objectname)%00%(upstream:track)%00%(upstream:remotename)%00%(upstream:remoteref) refs/heads/main refs/remotes/main [14ms]
2023-12-25 16:07:24.768 [info] > git rev-parse --show-toplevel [7ms]
2023-12-25 16:07:24.778 [info] > git rev-parse --show-toplevel [2ms]
2023-12-25 16:07:24.797 [info] > git rev-parse --show-toplevel [2ms]
2023-12-25 16:07:24.807 [info] > git rev-parse --show-toplevel [2ms]
2023-12-25 16:07:24.816 [info] > git status -z -uall [29ms]
2023-12-25 16:07:24.816 [info] > git rev-parse --show-toplevel [2ms]
2023-12-25 16:07:24.846 [info] > git config --get commit.template [3ms]
2023-12-25 16:07:24.846 [info] > git rev-parse --show-toplevel [11ms]
2023-12-25 16:07:24.860 [info] > git rev-parse --show-toplevel [8ms]
2023-12-25 16:07:24.867 [info] > git for-each-ref --format=%(refname)%00%(upstream:short)%00%(objectname)%00%(upstream:track)%00%(upstream:remotename)%00%(upstream:remoteref) refs/heads/main refs/remotes/main [9ms]
2023-12-25 16:07:24.868 [info] > git rev-parse --show-toplevel [2ms]
2023-12-25 16:07:24.884 [info] > git rev-parse --show-toplevel [9ms]
2023-12-25 16:07:24.893 [info] > git rev-parse --show-toplevel [2ms]
2023-12-25 16:07:24.898 [info] > git status -z -uall [15ms]
2023-12-25 16:07:24.903 [info] > git rev-parse --show-toplevel [5ms]
2023-12-25 16:07:24.910 [info] > git rev-parse --show-toplevel [2ms]
2023-12-25 16:07:24.917 [info] > git rev-parse --show-toplevel [1ms]
2023-12-25 16:07:24.924 [info] > git rev-parse --show-toplevel [2ms]
2023-12-25 16:07:24.932 [info] > git rev-parse --show-toplevel [1ms]
2023-12-25 16:07:24.940 [info] > git rev-parse --show-toplevel [2ms]
2023-12-25 16:07:24.947 [info] > git rev-parse --show-toplevel [1ms]
2023-12-25 16:07:24.954 [info] > git rev-parse --show-toplevel [2ms]
2023-12-25 16:07:24.964 [info] > git rev-parse --show-toplevel [1ms]
2023-12-25 16:07:24.975 [info] > git rev-parse --show-toplevel [6ms]
2023-12-25 16:07:25.035 [info] > git rev-parse --show-toplevel [53ms]
2023-12-25 16:07:25.042 [info] > git rev-parse --show-toplevel [1ms]
2023-12-25 16:07:25.048 [info] > git rev-parse --show-toplevel [1ms]
2023-12-25 16:07:25.055 [info] > git rev-parse --show-toplevel [1ms]
2023-12-25 16:07:25.062 [info] > git rev-parse --show-toplevel [1ms]
2023-12-25 16:07:25.070 [info] > git rev-parse --show-toplevel [2ms]
2023-12-25 16:07:25.078 [info] > git rev-parse --show-toplevel [1ms]
2023-12-25 16:07:25.088 [info] > git rev-parse --show-toplevel [3ms]
2023-12-25 16:07:25.357 [info] > git check-ignore -v -z --stdin [4ms]
2023-12-25 16:07:26.814 [info] > git show --textconv :README.md [11ms]
2023-12-25 16:07:26.816 [info] > git ls-files --stage -- /home/facu/.config/README.md [3ms]
2023-12-25 16:07:29.103 [info] > git config --get commit.template [2ms]
2023-12-25 16:07:29.114 [info] > git for-each-ref --format=%(refname)%00%(upstream:short)%00%(objectname)%00%(upstream:track)%00%(upstream:remotename)%00%(upstream:remoteref) refs/heads/main refs/remotes/main [2ms]
2023-12-25 16:07:29.143 [info] > git status -z -uall [20ms]
2023-12-25 16:07:35.097 [info] > git config --get commit.template [17ms]
2023-12-25 16:07:35.098 [info] > git for-each-ref --format=%(refname)%00%(upstream:short)%00%(objectname)%00%(upstream:track)%00%(upstream:remotename)%00%(upstream:remoteref) refs/heads/main refs/remotes/main [1ms]
2023-12-25 16:07:35.120 [info] > git status -z -uall [14ms]
2023-12-25 16:07:40.173 [info] > git config --get commit.template [18ms]
2023-12-25 16:07:40.174 [info] > git for-each-ref --format=%(refname)%00%(upstream:short)%00%(objectname)%00%(upstream:track)%00%(upstream:remotename)%00%(upstream:remoteref) refs/heads/main refs/remotes/main [2ms]
2023-12-25 16:07:40.204 [info] > git status -z -uall [20ms]
2023-12-25 16:07:50.766 [info] > git config --get commit.template [9ms]
2023-12-25 16:07:50.767 [info] > git for-each-ref --format=%(refname)%00%(upstream:short)%00%(objectname)%00%(upstream:track)%00%(upstream:remotename)%00%(upstream:remoteref) refs/heads/main refs/remotes/main [2ms]
2023-12-25 16:07:50.797 [info] > git status -z -uall [22ms]
2023-12-25 16:07:53.306 [info] > git show --textconv :README.md [15ms]
2023-12-25 16:07:53.311 [info] > git ls-files --stage -- /home/facu/.config/README.md [6ms]
2023-12-25 16:07:55.823 [info] > git config --get commit.template [9ms]
2023-12-25 16:07:55.825 [info] > git for-each-ref --format=%(refname)%00%(upstream:short)%00%(objectname)%00%(upstream:track)%00%(upstream:remotename)%00%(upstream:remoteref) refs/heads/main refs/remotes/main [2ms]
2023-12-25 16:07:55.852 [info] > git status -z -uall [19ms]
2023-12-25 16:08:00.910 [info] > git config --get commit.template [26ms]
2023-12-25 16:08:00.913 [info] > git for-each-ref --format=%(refname)%00%(upstream:short)%00%(objectname)%00%(upstream:track)%00%(upstream:remotename)%00%(upstream:remoteref) refs/heads/main refs/remotes/main [6ms]
2023-12-25 16:08:00.962 [info] > git status -z -uall [32ms]
2023-12-25 16:08:05.999 [info] > git config --get commit.template [13ms]
2023-12-25 16:08:06.000 [info] > git for-each-ref --format=%(refname)%00%(upstream:short)%00%(objectname)%00%(upstream:track)%00%(upstream:remotename)%00%(upstream:remoteref) refs/heads/main refs/remotes/main [2ms]
2023-12-25 16:08:06.045 [info] > git status -z -uall [33ms]
2023-12-25 16:08:11.598 [info] > git config --get commit.template [14ms]
2023-12-25 16:08:11.599 [info] > git for-each-ref --format=%(refname)%00%(upstream:short)%00%(objectname)%00%(upstream:track)%00%(upstream:remotename)%00%(upstream:remoteref) refs/heads/main refs/remotes/main [2ms]
2023-12-25 16:08:11.651 [info] > git status -z -uall [40ms]
2023-12-25 16:08:16.684 [info] > git config --get commit.template [3ms]
2023-12-25 16:08:16.699 [info] > git for-each-ref --format=%(refname)%00%(upstream:short)%00%(objectname)%00%(upstream:track)%00%(upstream:remotename)%00%(upstream:remoteref) refs/heads/main refs/remotes/main [2ms]
2023-12-25 16:08:16.735 [info] > git status -z -uall [24ms]
2023-12-25 16:08:21.778 [info] > git config --get commit.template [14ms]
2023-12-25 16:08:21.779 [info] > git for-each-ref --format=%(refname)%00%(upstream:short)%00%(objectname)%00%(upstream:track)%00%(upstream:remotename)%00%(upstream:remoteref) refs/heads/main refs/remotes/main [3ms]
2023-12-25 16:08:21.824 [info] > git status -z -uall [33ms]
2023-12-25 16:08:26.860 [info] > git config --get commit.template [13ms]
2023-12-25 16:08:26.862 [info] > git for-each-ref --format=%(refname)%00%(upstream:short)%00%(objectname)%00%(upstream:track)%00%(upstream:remotename)%00%(upstream:remoteref) refs/heads/main refs/remotes/main [3ms]
2023-12-25 16:08:26.908 [info] > git status -z -uall [34ms]
2023-12-25 16:08:31.947 [info] > git config --get commit.template [5ms]
2023-12-25 16:08:31.964 [info] > git for-each-ref --format=%(refname)%00%(upstream:short)%00%(objectname)%00%(upstream:track)%00%(upstream:remotename)%00%(upstream:remoteref) refs/heads/main refs/remotes/main [2ms]
2023-12-25 16:08:31.999 [info] > git status -z -uall [24ms]
2023-12-25 16:08:59.820 [info] > git config --get commit.template [5ms]
2023-12-25 16:08:59.858 [info] > git for-each-ref --format=%(refname)%00%(upstream:short)%00%(objectname)%00%(upstream:track)%00%(upstream:remotename)%00%(upstream:remoteref) refs/heads/main refs/remotes/main [6ms]
2023-12-25 16:09:00.030 [info] > git status -z -uall [131ms]
2023-12-25 16:09:05.090 [info] > git config --get commit.template [14ms]
2023-12-25 16:09:05.091 [info] > git for-each-ref --format=%(refname)%00%(upstream:short)%00%(objectname)%00%(upstream:track)%00%(upstream:remotename)%00%(upstream:remoteref) refs/heads/main refs/remotes/main [2ms]
2023-12-25 16:09:05.123 [info] > git status -z -uall [23ms]
2023-12-25 16:09:10.196 [info] > git config --get commit.template [25ms]
2023-12-25 16:09:10.199 [info] > git for-each-ref --format=%(refname)%00%(upstream:short)%00%(objectname)%00%(upstream:track)%00%(upstream:remotename)%00%(upstream:remoteref) refs/heads/main refs/remotes/main [5ms]
2023-12-25 16:09:10.284 [info] > git status -z -uall [63ms]
2023-12-25 16:09:15.319 [info] > git config --get commit.template [10ms]
2023-12-25 16:09:15.320 [info] > git for-each-ref --format=%(refname)%00%(upstream:short)%00%(objectname)%00%(upstream:track)%00%(upstream:remotename)%00%(upstream:remoteref) refs/heads/main refs/remotes/main [2ms]
2023-12-25 16:09:15.355 [info] > git status -z -uall [25ms]
2023-12-25 16:09:20.417 [info] > git config --get commit.template [26ms]
2023-12-25 16:09:20.419 [info] > git for-each-ref --format=%(refname)%00%(upstream:short)%00%(objectname)%00%(upstream:track)%00%(upstream:remotename)%00%(upstream:remoteref) refs/heads/main refs/remotes/main [4ms]
2023-12-25 16:09:20.544 [info] > git status -z -uall [99ms]
2023-12-25 16:09:25.619 [info] > git config --get commit.template [31ms]
2023-12-25 16:09:25.621 [info] > git for-each-ref --format=%(refname)%00%(upstream:short)%00%(objectname)%00%(upstream:track)%00%(upstream:remotename)%00%(upstream:remoteref) refs/heads/main refs/remotes/main [5ms]
2023-12-25 16:09:25.672 [info] > git status -z -uall [32ms]
2023-12-25 16:09:30.731 [info] > git config --get commit.template [25ms]
2023-12-25 16:09:30.733 [info] > git for-each-ref --format=%(refname)%00%(upstream:short)%00%(objectname)%00%(upstream:track)%00%(upstream:remotename)%00%(upstream:remoteref) refs/heads/main refs/remotes/main [4ms]
2023-12-25 16:09:30.827 [info] > git status -z -uall [71ms]
2023-12-25 16:09:37.066 [info] > git config --get commit.template [11ms]
2023-12-25 16:09:37.068 [info] > git for-each-ref --format=%(refname)%00%(upstream:short)%00%(objectname)%00%(upstream:track)%00%(upstream:remotename)%00%(upstream:remoteref) refs/heads/main refs/remotes/main [3ms]
2023-12-25 16:09:37.124 [info] > git status -z -uall [28ms]
2023-12-25 16:09:42.189 [info] > git config --get commit.template [33ms]
2023-12-25 16:09:42.242 [info] > git for-each-ref --format=%(refname)%00%(upstream:short)%00%(objectname)%00%(upstream:track)%00%(upstream:remotename)%00%(upstream:remoteref) refs/heads/main refs/remotes/main [21ms]
2023-12-25 16:09:42.356 [info] > git status -z -uall [83ms]
2023-12-25 16:09:47.592 [info] > git config --get commit.template [33ms]
2023-12-25 16:09:47.597 [info] > git for-each-ref --format=%(refname)%00%(upstream:short)%00%(objectname)%00%(upstream:track)%00%(upstream:remotename)%00%(upstream:remoteref) refs/heads/main refs/remotes/main [5ms]
2023-12-25 16:09:47.628 [info] > git status -z -uall [21ms]
2023-12-25 16:09:52.682 [info] > git config --get commit.template [24ms]
2023-12-25 16:09:52.685 [info] > git for-each-ref --format=%(refname)%00%(upstream:short)%00%(objectname)%00%(upstream:track)%00%(upstream:remotename)%00%(upstream:remoteref) refs/heads/main refs/remotes/main [5ms]
2023-12-25 16:09:52.774 [info] > git status -z -uall [66ms]
2023-12-25 16:09:59.519 [info] > git config --get commit.template [27ms]
2023-12-25 16:09:59.522 [info] > git for-each-ref --format=%(refname)%00%(upstream:short)%00%(objectname)%00%(upstream:track)%00%(upstream:remotename)%00%(upstream:remoteref) refs/heads/main refs/remotes/main [4ms]
2023-12-25 16:09:59.607 [info] > git status -z -uall [63ms]
2023-12-25 16:10:04.689 [info] > git config --get commit.template [33ms]
2023-12-25 16:10:04.697 [info] > git for-each-ref --format=%(refname)%00%(upstream:short)%00%(objectname)%00%(upstream:track)%00%(upstream:remotename)%00%(upstream:remoteref) refs/heads/main refs/remotes/main [10ms]
2023-12-25 16:10:04.798 [info] > git status -z -uall [72ms]
2023-12-25 16:12:03.336 [info] > git config --get commit.template [25ms]
2023-12-25 16:12:03.339 [info] > git for-each-ref --format=%(refname)%00%(upstream:short)%00%(objectname)%00%(upstream:track)%00%(upstream:remotename)%00%(upstream:remoteref) refs/heads/main refs/remotes/main [4ms]
2023-12-25 16:12:03.425 [info] > git status -z -uall [63ms]
2023-12-25 16:13:42.598 [info] > git config --get commit.template [12ms]
2023-12-25 16:13:42.599 [info] > git for-each-ref --format=%(refname)%00%(upstream:short)%00%(objectname)%00%(upstream:track)%00%(upstream:remotename)%00%(upstream:remoteref) refs/heads/main refs/remotes/main [3ms]
2023-12-25 16:13:42.642 [info] > git status -z -uall [31ms]
2023-12-25 16:15:47.212 [info] > git config --get commit.template [11ms]
2023-12-25 16:15:47.213 [info] > git for-each-ref --format=%(refname)%00%(upstream:short)%00%(objectname)%00%(upstream:track)%00%(upstream:remotename)%00%(upstream:remoteref) refs/heads/main refs/remotes/main [1ms]
2023-12-25 16:15:47.246 [info] > git ls-files --stage -- /home/facu/.config/README.md [2ms]
2023-12-25 16:15:47.250 [info] > git status -z -uall [29ms]
2023-12-25 16:15:47.272 [info] > git show --textconv :README.md [4ms]
