2023-12-23 16:05:10.485 [info] Log level: Info
2023-12-23 16:05:10.485 [info] Validating found git in: "git"
2023-12-23 16:05:10.485 [info] Using git "2.43.0" from "git"
2023-12-23 16:05:10.485 [info] > git rev-parse --show-toplevel [3ms]
2023-12-23 16:05:10.485 [info] fatal: not a git repository (or any of the parent directories): .git
2023-12-23 16:05:10.485 [info] > git rev-parse --show-toplevel [2ms]
2023-12-23 16:05:10.485 [info] fatal: not a git repository (or any of the parent directories): .git
2023-12-23 16:05:10.485 [info] > git rev-parse --show-toplevel [1ms]
2023-12-23 16:05:10.485 [info] fatal: not a git repository (or any of the parent directories): .git
2023-12-23 16:05:10.492 [info] > git rev-parse --show-toplevel [1ms]
2023-12-23 16:05:10.492 [info] fatal: not a git repository (or any of the parent directories): .git
2023-12-23 16:05:10.498 [info] > git rev-parse --show-toplevel [2ms]
2023-12-23 16:05:10.498 [info] fatal: not a git repository (or any of the parent directories): .git
2023-12-23 16:05:10.503 [info] > git rev-parse --show-toplevel [1ms]
2023-12-23 16:05:10.503 [info] fatal: not a git repository (or any of the parent directories): .git
2023-12-23 16:05:10.508 [info] > git rev-parse --show-toplevel [1ms]
2023-12-23 16:05:10.508 [info] fatal: not a git repository (or any of the parent directories): .git
2023-12-23 16:05:10.513 [info] > git rev-parse --show-toplevel [1ms]
2023-12-23 16:05:10.513 [info] fatal: not a git repository (or any of the parent directories): .git
2023-12-23 16:05:10.518 [info] > git rev-parse --show-toplevel [1ms]
2023-12-23 16:05:10.518 [info] fatal: not a git repository (or any of the parent directories): .git
2023-12-23 16:05:10.524 [info] > git rev-parse --show-toplevel [2ms]
2023-12-23 16:05:10.524 [info] fatal: not a git repository (or any of the parent directories): .git
2023-12-23 16:05:10.530 [info] > git rev-parse --show-toplevel [0ms]
2023-12-23 16:05:10.530 [info] fatal: not a git repository (or any of the parent directories): .git
2023-12-23 16:05:10.535 [info] > git rev-parse --show-toplevel [1ms]
2023-12-23 16:05:10.535 [info] fatal: not a git repository (or any of the parent directories): .git
2023-12-23 16:05:10.540 [info] > git rev-parse --show-toplevel [0ms]
2023-12-23 16:05:10.540 [info] fatal: not a git repository (or any of the parent directories): .git
2023-12-23 16:05:10.545 [info] > git rev-parse --show-toplevel [1ms]
2023-12-23 16:05:10.545 [info] fatal: not a git repository (or any of the parent directories): .git
2023-12-23 16:05:10.550 [info] > git rev-parse --show-toplevel [1ms]
2023-12-23 16:05:10.550 [info] fatal: not a git repository (or any of the parent directories): .git
2023-12-23 16:05:10.555 [info] > git rev-parse --show-toplevel [1ms]
2023-12-23 16:05:10.555 [info] fatal: not a git repository (or any of the parent directories): .git
2023-12-23 16:05:10.561 [info] > git rev-parse --show-toplevel [1ms]
2023-12-23 16:05:10.561 [info] fatal: not a git repository (or any of the parent directories): .git
2023-12-23 16:05:10.566 [info] > git rev-parse --show-toplevel [1ms]
2023-12-23 16:05:10.566 [info] fatal: not a git repository (or any of the parent directories): .git
2023-12-23 16:05:10.572 [info] > git rev-parse --show-toplevel [1ms]
2023-12-23 16:05:10.572 [info] fatal: not a git repository (or any of the parent directories): .git
