2024-01-18 09:24:40.195 [info] Extension host with pid 45369 started
2024-01-18 09:24:40.195 [info] Skipping acquiring lock for /home/facu/.config/Code/User/workspaceStorage/d34cece8179d613e1f1f91c83efdb47f.
2024-01-18 09:24:40.294 [info] ExtensionService#_doActivateExtension vscode.git-base, startup: true, activationEvent: '*', root cause: vscode.git
2024-01-18 09:24:40.324 [info] ExtensionService#_doActivateExtension vscode.git, startup: true, activationEvent: '*'
2024-01-18 09:24:40.378 [info] ExtensionService#_doActivateExtension vscode.github, startup: true, activationEvent: '*'
2024-01-18 09:24:40.524 [info] Eager extensions activated
2024-01-18 09:24:40.563 [info] Extension host with pid 45398 started
2024-01-18 09:24:40.563 [info] Skipping acquiring lock for /home/facu/.config/Code/User/workspaceStorage/d34cece8179d613e1f1f91c83efdb47f.
2024-01-18 09:24:40.566 [info] Eager extensions activated
2024-01-18 09:24:40.571 [info] ExtensionService#_doActivateExtension vscode.debug-auto-launch, startup: false, activationEvent: 'onStartupFinished'
2024-01-18 09:24:40.575 [info] ExtensionService#_doActivateExtension vscode.merge-conflict, startup: false, activationEvent: 'onStartupFinished'
2024-01-18 09:24:40.581 [info] ExtensionService#_doActivateExtension vscodevim.vim, startup: false, activationEvent: 'onStartupFinished'
2024-01-18 09:24:40.590 [info] ExtensionService#_doActivateExtension Catppuccin.catppuccin-vsc, startup: false, activationEvent: 'onStartupFinished'
2024-01-18 09:24:40.598 [info] ExtensionService#_doActivateExtension formulahendry.code-runner, startup: false, activationEvent: 'onStartupFinished'
2024-01-18 09:24:40.647 [info] ExtensionService#_doActivateExtension PKief.material-icon-theme, startup: false, activationEvent: 'onStartupFinished'
2024-01-18 09:24:40.664 [info] ExtensionService#_doActivateExtension ritwickdey.LiveServer, startup: false, activationEvent: 'onStartupFinished'
2024-01-18 09:24:40.680 [info] ExtensionService#_doActivateExtension streetsidesoftware.code-spell-checker, startup: false, activationEvent: 'onStartupFinished'
2024-01-18 09:24:43.081 [info] ExtensionService#_doActivateExtension vscode.html-language-features, startup: false, activationEvent: 'onLanguage:html'
2024-01-18 09:24:43.102 [info] ExtensionService#_doActivateExtension vscode.emmet, startup: false, activationEvent: 'onLanguage'
2024-01-18 09:24:54.377 [info] Extension host terminating: renderer closed the MessagePort
2024-01-18 09:24:54.383 [info] Extension host terminating: renderer closed the MessagePort
2024-01-18 09:24:54.384 [info] Extension host with pid 45398 exiting with code 0
2024-01-18 09:24:54.468 [info] Extension host with pid 45369 exiting with code 0
