2024-01-18 09:22:20.418 [info] Extension host with pid 43038 started
2024-01-18 09:22:20.418 [info] Skipping acquiring lock for /home/facu/.config/Code/User/workspaceStorage/1c1715af362c9a8c4ebfcda5bdeb06ea.
2024-01-18 09:22:20.470 [info] ExtensionService#_doActivateExtension vscode.git-base, startup: true, activationEvent: '*', root cause: vscode.git
2024-01-18 09:22:20.486 [info] ExtensionService#_doActivateExtension vscode.git, startup: true, activationEvent: '*'
2024-01-18 09:22:20.526 [info] ExtensionService#_doActivateExtension vscode.github, startup: true, activationEvent: '*'
2024-01-18 09:22:20.622 [info] Extension host with pid 43064 started
2024-01-18 09:22:20.622 [info] Skipping acquiring lock for /home/facu/.config/Code/User/workspaceStorage/1c1715af362c9a8c4ebfcda5bdeb06ea.
2024-01-18 09:22:20.624 [info] Eager extensions activated
2024-01-18 09:22:20.624 [info] Eager extensions activated
2024-01-18 09:22:20.637 [info] ExtensionService#_doActivateExtension vscode.debug-auto-launch, startup: false, activationEvent: 'onStartupFinished'
2024-01-18 09:22:20.640 [info] ExtensionService#_doActivateExtension vscodevim.vim, startup: false, activationEvent: 'onStartupFinished'
2024-01-18 09:22:20.641 [info] ExtensionService#_doActivateExtension vscode.merge-conflict, startup: false, activationEvent: 'onStartupFinished'
2024-01-18 09:22:20.655 [info] ExtensionService#_doActivateExtension Catppuccin.catppuccin-vsc, startup: false, activationEvent: 'onStartupFinished'
2024-01-18 09:22:20.667 [info] ExtensionService#_doActivateExtension formulahendry.code-runner, startup: false, activationEvent: 'onStartupFinished'
2024-01-18 09:22:20.725 [info] ExtensionService#_doActivateExtension PKief.material-icon-theme, startup: false, activationEvent: 'onStartupFinished'
2024-01-18 09:22:20.734 [info] ExtensionService#_doActivateExtension ritwickdey.LiveServer, startup: false, activationEvent: 'onStartupFinished'
2024-01-18 09:22:20.750 [info] ExtensionService#_doActivateExtension streetsidesoftware.code-spell-checker, startup: false, activationEvent: 'onStartupFinished'
2024-01-18 09:22:34.664 [info] ExtensionService#_doActivateExtension vscode.html-language-features, startup: false, activationEvent: 'onLanguage:html'
2024-01-18 09:22:34.702 [info] ExtensionService#_doActivateExtension vscode.emmet, startup: false, activationEvent: 'onLanguage'
2024-01-18 09:24:17.012 [info] Extension host terminating: renderer closed the MessagePort
2024-01-18 09:24:17.016 [info] Extension host with pid 43064 exiting with code 0
2024-01-18 09:24:17.016 [info] Extension host terminating: renderer closed the MessagePort
2024-01-18 09:24:17.072 [info] Extension host with pid 43038 exiting with code 0
