2023-12-24 09:54:01.261 [info] Extension host with pid 8410 started
2023-12-24 09:54:01.261 [info] Skipping acquiring lock for /home/facu/.config/Code/User/workspaceStorage/b3046e64f257eda84d2ef10ab503f994.
2023-12-24 09:54:01.311 [info] ExtensionService#_doActivateExtension vscode.git-base, startup: true, activationEvent: '*', root cause: vscode.git
2023-12-24 09:54:01.320 [info] ExtensionService#_doActivateExtension vscode.git, startup: true, activationEvent: '*'
2023-12-24 09:54:01.350 [info] ExtensionService#_doActivateExtension vscode.github, startup: true, activationEvent: '*'
2023-12-24 09:54:01.422 [info] Eager extensions activated
2023-12-24 09:54:01.454 [info] ExtensionService#_doActivateExtension vscode.debug-auto-launch, startup: false, activationEvent: 'onStartupFinished'
2023-12-24 09:54:01.458 [info] ExtensionService#_doActivateExtension vscode.merge-conflict, startup: false, activationEvent: 'onStartupFinished'
2023-12-24 09:54:01.466 [info] ExtensionService#_doActivateExtension Catppuccin.catppuccin-vsc, startup: false, activationEvent: 'onStartupFinished'
2023-12-24 09:54:01.472 [info] ExtensionService#_doActivateExtension formulahendry.code-runner, startup: false, activationEvent: 'onStartupFinished'
2023-12-24 09:54:01.522 [info] ExtensionService#_doActivateExtension PKief.material-icon-theme, startup: false, activationEvent: 'onStartupFinished'
2023-12-24 09:54:01.531 [info] ExtensionService#_doActivateExtension ritwickdey.LiveServer, startup: false, activationEvent: 'onStartupFinished'
2023-12-24 09:54:09.138 [info] ExtensionService#_doActivateExtension vscode.emmet, startup: false, activationEvent: 'onLanguage'
2023-12-24 09:54:15.638 [info] ExtensionService#_doActivateExtension vscodevim.vim, startup: false, activationEvent: 'onStartupFinished'
2023-12-24 09:54:16.814 [error] Error: ENOENT: no such file or directory, open '/home/facu/.config/Code/User/globalStorage/vscodevim.vim/.registers'
2023-12-24 09:54:37.038 [info] ExtensionService#_doActivateExtension vscode.json-language-features, startup: false, activationEvent: 'onLanguage:jsonc'
2023-12-24 09:54:37.076 [info] ExtensionService#_doActivateExtension vscode.typescript-language-features, startup: false, activationEvent: 'onLanguage:jsonc'
2023-12-24 09:56:57.213 [info] Extension host terminating: renderer closed the MessagePort
2023-12-24 09:56:57.257 [error] Error: ENOENT: no such file or directory, open '/home/facu/.config/Code/User/globalStorage/vscodevim.vim/.registers'
2023-12-24 09:56:57.261 [info] Extension host with pid 8410 exiting with code 0
