2024-01-17 19:18:52.471 [info] Configuration changed
2024-01-17 19:18:52.876 [info] Configuration changed
2024-01-17 19:18:56.304 [info] /home/facu/.config/Code/User/settings.json closed
2024-01-17 19:18:56.342 [info] Configuration changed
2024-01-17 19:18:56.691 [info] /home/facu/.config/Code/User/settings.json closed
2024-01-17 19:18:56.721 [info] Configuration changed
2024-01-17 19:19:01.569 [info] Active editor: file:///home/facu/repos/top/midHtmlCss/tables/index.html
2024-01-17 19:19:05.554 [info] Active editor: file:///home/facu/repos/top/midHtmlCss/tables/style.css
2024-01-17 19:19:06.492 [info] Active editor: file:///home/facu/repos/top/midHtmlCss/tables/index.html
2024-01-17 19:19:29.658 [info] Executing :w
2024-01-17 19:24:23.382 [info] /home/facu/.config/Code/User/settings.json closed
2024-01-17 19:24:23.419 [info] Configuration changed
2024-01-17 19:27:51.069 [info] Executing :w
2024-01-17 19:28:17.544 [info] Active editor: file:///home/facu/repos/top/midHtmlCss/tables/style.css
2024-01-17 19:28:35.683 [info] Executing :w
2024-01-17 19:32:01.930 [info] Executing :w
2024-01-17 19:37:01.071 [info] Active editor: file:///home/facu/repos/top/midHtmlCss/tables/index.html
2024-01-17 19:38:05.427 [info] Active editor: file:///home/facu/repos/top/midHtmlCss/tables/style.css
2024-01-17 19:38:19.259 [info] Executing :w
2024-01-17 19:42:43.479 [info] Active editor: file:///home/facu/repos/top/midHtmlCss/tables/index.html
2024-01-17 19:44:47.354 [info] Active editor: file:///home/facu/repos/top/midHtmlCss/tables/style.css
2024-01-17 19:44:51.718 [info] Active editor: file:///home/facu/repos/top/midHtmlCss/tables/index.html
2024-01-17 19:44:53.745 [info] /home/facu/repos/top/midHtmlCss/tables/index.html closed
2024-01-17 19:44:53.760 [info] Active editor: file:///home/facu/repos/top/midHtmlCss/tables/style.css
2024-01-17 19:44:54.338 [info] /home/facu/repos/top/midHtmlCss/tables/style.css closed
2024-01-17 19:45:26.242 [info] Active editor: file:///home/facu/repos/top/midHtmlCss/tables/routine/index.html
2024-01-17 19:45:30.053 [info] Active editor: file:///home/facu/repos/top/midHtmlCss/tables/routine/styel.css
2024-01-17 19:45:31.153 [info] Active editor: file:///home/facu/repos/top/midHtmlCss/tables/routine/index.html
2024-01-17 19:57:08.682 [info] Executing :W
2024-01-17 19:57:55.146 [info] Executing :W
2024-01-17 19:58:58.971 [info] Executing :W
2024-01-17 20:00:35.758 [info] Executing :w
2024-01-17 20:01:11.921 [info] Executing :w
2024-01-17 20:02:18.691 [info] Executing :W
2024-01-17 20:03:18.714 [info] Executing :W
2024-01-17 20:04:44.642 [info] Executing :w
2024-01-17 20:05:45.382 [info] Active editor: file:///home/facu/repos/top/midHtmlCss/tables/routine/styel.css
2024-01-17 20:06:03.033 [info] Executing :w
2024-01-17 20:06:05.021 [info] Executing :w
2024-01-17 20:06:07.529 [info] Active editor: file:///home/facu/repos/top/midHtmlCss/tables/routine/index.html
2024-01-17 20:06:08.520 [info] Active editor: file:///home/facu/repos/top/midHtmlCss/tables/routine/styel.css
2024-01-17 20:06:16.434 [info] /home/facu/repos/top/midHtmlCss/tables/routine/styel.css closed
2024-01-17 20:06:16.547 [info] Active editor: file:///home/facu/repos/top/midHtmlCss/tables/routine/style.css
2024-01-17 20:06:20.105 [info] Active editor: file:///home/facu/repos/top/midHtmlCss/tables/routine/index.html
2024-01-17 20:06:21.236 [info] Active editor: file:///home/facu/repos/top/midHtmlCss/tables/routine/style.css
2024-01-17 20:06:25.664 [info] /home/facu/repos/top/midHtmlCss/tables/routine/style.css closed
2024-01-17 20:06:25.763 [info] Active editor: file:///home/facu/repos/top/midHtmlCss/tables/routine/styles.css
2024-01-17 20:06:28.725 [info] Active editor: file:///home/facu/repos/top/midHtmlCss/tables/routine/index.html
2024-01-17 20:06:48.797 [info] Active editor: file:///home/facu/repos/top/midHtmlCss/tables/routine/styles.css
2024-01-17 20:07:07.064 [info] Active editor: file:///home/facu/repos/top/midHtmlCss/tables/routine/index.html
2024-01-17 20:07:10.755 [info] Active editor: file:///home/facu/repos/top/midHtmlCss/tables/routine/styles.css
2024-01-17 20:07:42.419 [info] Executing :w
2024-01-17 20:07:50.566 [info] Executing :w
2024-01-17 20:08:09.331 [info] Active editor: file:///home/facu/repos/top/midHtmlCss/tables/routine/index.html
2024-01-17 20:08:15.758 [info] Active editor: file:///home/facu/repos/top/midHtmlCss/tables/routine/styles.css
2024-01-17 20:08:18.614 [info] Active editor: file:///home/facu/repos/top/midHtmlCss/tables/routine/index.html
2024-01-17 20:08:20.773 [info] Active editor: file:///home/facu/repos/top/midHtmlCss/tables/routine/styles.css
2024-01-17 20:08:28.131 [info] Executing :w
2024-01-17 20:09:01.694 [info] Active editor: file:///home/facu/repos/top/midHtmlCss/tables/1/style.css
2024-01-17 20:09:13.733 [info] Active editor: file:///home/facu/repos/top/midHtmlCss/tables/routine/index.html
2024-01-17 20:09:15.300 [info] Active editor: file:///home/facu/repos/top/midHtmlCss/tables/routine/styles.css
2024-01-17 20:09:33.730 [info] Executing :w
2024-01-17 20:09:35.933 [warning] invalid cursor position. [[7, 4] | [7, 4]].
2024-01-17 20:09:35.933 [warning] invalid cursor position. [[7, 4] | [7, 4]].
2024-01-17 20:09:39.205 [info] Executing :w
2024-01-17 20:10:07.874 [info] Active editor: file:///home/facu/repos/top/midHtmlCss/tables/routine/index.html
2024-01-17 20:10:25.807 [info] Active editor: file:///home/facu/repos/top/midHtmlCss/tables/1/style.css
2024-01-17 20:10:26.413 [info] Active editor: file:///home/facu/repos/top/midHtmlCss/tables/routine/styles.css
2024-01-17 20:10:27.808 [info] /home/facu/repos/top/midHtmlCss/tables/routine/styles.css closed
2024-01-17 20:10:27.814 [info] Active editor: file:///home/facu/repos/top/midHtmlCss/tables/1/style.css
2024-01-17 20:10:29.410 [info] Active editor: file:///home/facu/repos/top/midHtmlCss/tables/routine/index.html
2024-01-17 20:10:46.738 [info] Executing :w
2024-01-17 20:10:46.941 [info] Active editor: file:///home/facu/repos/top/midHtmlCss/tables/1/style.css
2024-01-17 20:11:07.690 [info] Executing :w
2024-01-17 20:11:14.861 [info] /home/facu/repos/top/midHtmlCss/tables/1/style.css closed
2024-01-17 20:11:14.869 [info] Active editor: file:///home/facu/repos/top/midHtmlCss/tables/routine/index.html
2024-01-17 20:11:16.337 [info] /home/facu/repos/top/midHtmlCss/tables/routine/index.html closed
2024-01-17 20:11:25.792 [info] Active editor: file:///home/facu/repos/top/midHtmlCss/tables/routine/index.html
2024-01-17 20:11:26.551 [info] /home/facu/repos/top/midHtmlCss/tables/routine/index.html closed
2024-01-17 20:11:26.579 [info] Active editor: file:///home/facu/repos/top/midHtmlCss/tables/routine/styles.css
2024-01-17 20:11:28.749 [info] Active editor: file:///home/facu/repos/top/midHtmlCss/tables/routine/index.html
2024-01-17 20:11:35.827 [info] Active editor: file:///home/facu/repos/top/midHtmlCss/tables/routine/styles.css
2024-01-17 20:11:36.553 [info] Active editor: file:///home/facu/repos/top/midHtmlCss/tables/routine/index.html
2024-01-17 20:11:37.230 [info] Active editor: file:///home/facu/repos/top/midHtmlCss/tables/routine/styles.css
2024-01-17 20:11:56.163 [info] Executing :w
2024-01-17 20:13:06.599 [info] Active editor: file:///home/facu/repos/top/midHtmlCss/tables/routine/index.html
2024-01-17 20:13:32.345 [info] Executing :w
2024-01-17 20:13:32.699 [info] Active editor: file:///home/facu/repos/top/midHtmlCss/tables/routine/styles.css
2024-01-17 20:13:44.027 [info] Active editor: file:///home/facu/repos/top/midHtmlCss/tables/routine/index.html
2024-01-17 20:14:22.762 [info] Active editor: file:///home/facu/repos/top/midHtmlCss/tables/routine/styles.css
2024-01-17 20:15:20.262 [info] Active editor: file:///home/facu/repos/top/midHtmlCss/tables/routine/index.html
