2023-12-25 12:57:06.491 [info] Log level: Info
2023-12-25 12:57:06.491 [info] Validating found git in: "git"
2023-12-25 12:57:06.491 [info] Using git "2.43.0" from "git"
2023-12-25 12:57:06.491 [info] > git rev-parse --show-toplevel [17ms]
2023-12-25 12:57:06.491 [info] fatal: not a git repository (or any of the parent directories): .git
2023-12-25 12:57:06.491 [info] > git rev-parse --show-toplevel [4ms]
2023-12-25 12:57:06.491 [info] fatal: not a git repository (or any of the parent directories): .git
2023-12-25 12:57:06.491 [info] > git rev-parse --show-toplevel [17ms]
2023-12-25 12:57:06.491 [info] fatal: not a git repository (or any of the parent directories): .git
2023-12-25 12:57:06.499 [info] > git rev-parse --show-toplevel [8ms]
2023-12-25 12:57:06.529 [info] > git rev-parse --git-dir --git-common-dir [5ms]
2023-12-25 12:57:06.543 [info] Open repository: /home/facu/.config
2023-12-25 12:57:06.562 [info] > git rev-parse --show-toplevel [4ms]
2023-12-25 12:57:06.562 [info] fatal: not a git repository (or any of the parent directories): .git
2023-12-25 12:57:06.562 [info] > git config --get commit.template [10ms]
2023-12-25 12:57:06.576 [info] > git rev-parse --show-toplevel [9ms]
2023-12-25 12:57:06.576 [info] fatal: not a git repository (or any of the parent directories): .git
2023-12-25 12:57:06.584 [info] > git for-each-ref --format=%(refname)%00%(upstream:short)%00%(objectname)%00%(upstream:track)%00%(upstream:remotename)%00%(upstream:remoteref) refs/heads/main refs/remotes/main [8ms]
2023-12-25 12:57:06.585 [info] > git rev-parse --show-toplevel [2ms]
2023-12-25 12:57:06.585 [info] fatal: not a git repository (or any of the parent directories): .git
2023-12-25 12:57:06.599 [info] > git rev-parse --show-toplevel [7ms]
2023-12-25 12:57:06.599 [info] fatal: not a git repository (or any of the parent directories): .git
2023-12-25 12:57:06.606 [info] > git rev-parse --show-toplevel [1ms]
2023-12-25 12:57:06.606 [info] fatal: not a git repository (or any of the parent directories): .git
2023-12-25 12:57:06.614 [info] > git rev-parse --show-toplevel [1ms]
2023-12-25 12:57:06.623 [info] > git rev-parse --git-dir --git-common-dir [0ms]
2023-12-25 12:57:06.628 [info] Open repository: /home/facu/.oh-my-zsh
2023-12-25 12:57:06.642 [info] > git status -z -uall [44ms]
2023-12-25 12:57:06.643 [info] > git rev-parse --show-toplevel [3ms]
2023-12-25 12:57:06.643 [info] fatal: not a git repository (or any of the parent directories): .git
2023-12-25 12:57:06.643 [info] > git config --get commit.template [9ms]
2023-12-25 12:57:06.717 [info] > git config --get commit.template [9ms]
2023-12-25 12:57:06.717 [info] > git rev-parse --show-toplevel [16ms]
2023-12-25 12:57:06.717 [info] fatal: not a git repository (or any of the parent directories): .git
2023-12-25 12:57:06.735 [info] > git rev-parse --show-toplevel [12ms]
2023-12-25 12:57:06.735 [info] fatal: not a git repository (or any of the parent directories): .git
2023-12-25 12:57:06.735 [info] > git for-each-ref --format=%(refname)%00%(upstream:short)%00%(objectname)%00%(upstream:track)%00%(upstream:remotename)%00%(upstream:remoteref) refs/heads/master refs/remotes/master [19ms]
2023-12-25 12:57:06.742 [info] > git rev-parse --show-toplevel [2ms]
2023-12-25 12:57:06.742 [info] fatal: not a git repository (or any of the parent directories): .git
2023-12-25 12:57:06.742 [info] > git for-each-ref --format=%(refname)%00%(upstream:short)%00%(objectname)%00%(upstream:track)%00%(upstream:remotename)%00%(upstream:remoteref) refs/heads/main refs/remotes/main [8ms]
2023-12-25 12:57:06.953 [info] > git rev-parse --show-toplevel [206ms]
2023-12-25 12:57:06.953 [info] fatal: not a git repository (or any of the parent directories): .git
2023-12-25 12:57:06.975 [info] > git rev-parse --show-toplevel [14ms]
2023-12-25 12:57:06.975 [info] fatal: not a git repository (or any of the parent directories): .git
2023-12-25 12:57:06.987 [info] > git rev-parse --show-toplevel [3ms]
2023-12-25 12:57:06.987 [info] fatal: not a git repository (or any of the parent directories): .git
2023-12-25 12:57:06.999 [info] > git status -z -uall [25ms]
2023-12-25 12:57:07.048 [info] > git rev-parse --show-toplevel [53ms]
2023-12-25 12:57:07.048 [info] fatal: not a git repository (or any of the parent directories): .git
2023-12-25 12:57:07.054 [info] > git rev-parse --show-toplevel [1ms]
2023-12-25 12:57:07.054 [info] fatal: not a git repository (or any of the parent directories): .git
2023-12-25 12:57:07.061 [info] > git rev-parse --show-toplevel [2ms]
2023-12-25 12:57:07.061 [info] fatal: not a git repository (or any of the parent directories): .git
2023-12-25 12:57:07.072 [info] > git rev-parse --show-toplevel [4ms]
2023-12-25 12:57:07.072 [info] fatal: not a git repository (or any of the parent directories): .git
2023-12-25 12:57:07.079 [info] > git rev-parse --show-toplevel [1ms]
2023-12-25 12:57:07.079 [info] fatal: not a git repository (or any of the parent directories): .git
2023-12-25 12:57:07.086 [info] > git rev-parse --show-toplevel [1ms]
2023-12-25 12:57:07.086 [info] fatal: not a git repository (or any of the parent directories): .git
2023-12-25 12:57:07.094 [info] > git rev-parse --show-toplevel [2ms]
2023-12-25 12:57:07.094 [info] fatal: not a git repository (or any of the parent directories): .git
2023-12-25 12:57:07.101 [info] > git rev-parse --show-toplevel [1ms]
2023-12-25 12:57:07.101 [info] fatal: not a git repository (or any of the parent directories): .git
2023-12-25 12:57:07.292 [info] > git status -z -uall [339ms]
2023-12-25 12:57:07.293 [info] > git rev-parse --show-toplevel [183ms]
2023-12-25 12:57:07.293 [info] fatal: not a git repository (or any of the parent directories): .git
2023-12-25 12:57:07.306 [info] > git rev-parse --show-toplevel [5ms]
2023-12-25 12:57:07.306 [info] fatal: not a git repository (or any of the parent directories): .git
2023-12-25 12:57:07.307 [info] > git config --get commit.template [2ms]
2023-12-25 12:57:07.314 [info] > git for-each-ref --format=%(refname)%00%(upstream:short)%00%(objectname)%00%(upstream:track)%00%(upstream:remotename)%00%(upstream:remoteref) refs/heads/master refs/remotes/master [1ms]
2023-12-25 12:57:07.346 [info] > git status -z -uall [28ms]
2023-12-25 12:57:08.311 [info] > git check-ignore -v -z --stdin [8ms]
2023-12-25 12:57:08.312 [info] > git check-ignore -v -z --stdin [2ms]
2023-12-25 12:57:09.767 [info] > git rev-parse --show-toplevel [10ms]
2023-12-25 12:57:09.767 [info] fatal: not a git repository (or any of the parent directories): .git
