2024-01-18 15:56:11.606 [info] Configuration changed
2024-01-18 15:56:12.343 [info] Configuration changed
2024-01-18 15:56:12.366 [info] Configuration changed
2024-01-18 15:56:13.392 [info] Configuration changed
2024-01-18 15:56:13.610 [info] Configuration changed
2024-01-18 15:56:13.882 [info] Configuration changed
2024-01-18 15:56:26.392 [info] Active editor: file:///home/facu/repos/top/midHtmlCss/position/index.html
2024-01-18 15:56:30.022 [info] Active editor: file:///home/facu/repos/top/midHtmlCss/position/styles.css
2024-01-18 15:56:31.825 [info] Active editor: file:///home/facu/repos/top/midHtmlCss/position/index.html
2024-01-18 15:56:32.537 [info] /home/facu/repos/top/midHtmlCss/units/index.html closed
2024-01-18 15:57:31.910 [info] Executing :w
2024-01-18 15:57:58.571 [info] Executing :w
2024-01-18 15:58:26.867 [info] Executing :W
2024-01-18 15:58:41.568 [info] Executing :w
2024-01-18 15:58:55.295 [info] Executing :W
2024-01-18 15:58:56.651 [info] Executing :w
2024-01-18 15:59:02.687 [info] Active editor: file:///home/facu/repos/top/midHtmlCss/position/styles.css
2024-01-18 15:59:07.234 [info] Active editor: file:///home/facu/repos/top/midHtmlCss/position/index.html
2024-01-18 15:59:08.193 [info] Active editor: file:///home/facu/repos/top/midHtmlCss/position/styles.css
2024-01-18 15:59:17.472 [info] Executing :w
2024-01-18 15:59:19.300 [info] Executing :w
2024-01-18 15:59:27.847 [info] Executing :w
2024-01-18 15:59:33.979 [info] Executing :w
2024-01-18 15:59:42.063 [info] Executing :w
2024-01-18 16:00:05.475 [info] Executing :w
2024-01-18 16:00:10.258 [info] Executing :w
2024-01-18 16:00:24.346 [info] Executing :w
2024-01-18 16:00:37.558 [info] Executing :w
2024-01-18 16:00:43.468 [info] Executing :w
2024-01-18 16:00:52.347 [info] Executing :w
2024-01-18 16:01:09.405 [info] Executing :w
2024-01-18 16:01:12.213 [info] Executing :w
2024-01-18 16:01:16.952 [info] Executing :w
2024-01-18 16:01:25.989 [info] Executing :w
2024-01-18 16:01:33.039 [info] Executing :w
2024-01-18 16:01:42.241 [info] Executing :w
2024-01-18 16:01:44.916 [info] Active editor: file:///home/facu/repos/top/midHtmlCss/position/index.html
2024-01-18 16:01:49.350 [info] Active editor: file:///home/facu/repos/top/midHtmlCss/position/styles.css
2024-01-18 16:01:54.770 [info] Executing :w
2024-01-18 16:02:00.665 [info] Executing :w
2024-01-18 16:03:23.291 [info] Executing :w
2024-01-18 16:03:41.266 [info] Executing :w
2024-01-18 16:04:38.376 [info] Executing :w
2024-01-18 16:04:46.386 [info] Active editor: file:///home/facu/repos/top/midHtmlCss/position/index.html
2024-01-18 16:04:46.532 [info] Active editor: file:///home/facu/repos/top/midHtmlCss/position/styles.css
2024-01-18 16:04:49.609 [info] Executing :w
2024-01-18 16:07:55.642 [info] Active editor: file:///home/facu/repos/top/midHtmlCss/position/index.html
2024-01-18 16:07:56.037 [info] Active editor: file:///home/facu/repos/top/midHtmlCss/position/styles.css
2024-01-18 16:18:45.199 [info] Active editor: file:///home/facu/repos/top/midHtmlCss/position/index.html
2024-01-18 16:19:22.513 [info] Active editor: file:///home/facu/repos/top/midHtmlCss/position/styles.css
2024-01-18 16:19:28.226 [info] Active editor: file:///home/facu/repos/top/midHtmlCss/position/index.html
2024-01-18 16:19:29.405 [info] Active editor: file:///home/facu/repos/top/midHtmlCss/position/styles.css
2024-01-18 16:19:34.824 [info] Executing :w
2024-01-18 16:19:41.488 [info] Executing :W
2024-01-18 16:19:42.446 [info] Executing :w
2024-01-18 16:19:47.880 [info] Executing :w
2024-01-18 16:19:53.705 [info] Executing :w
2024-01-18 16:19:59.064 [info] Active editor: file:///home/facu/repos/top/midHtmlCss/position/index.html
2024-01-18 16:19:59.393 [info] Active editor: file:///home/facu/repos/top/midHtmlCss/position/styles.css
2024-01-18 16:19:59.899 [info] Active editor: file:///home/facu/repos/top/midHtmlCss/position/index.html
2024-01-18 16:20:06.989 [info] Active editor: file:///home/facu/repos/top/midHtmlCss/position/styles.css
2024-01-18 16:20:14.458 [info] Active editor: file:///home/facu/repos/top/midHtmlCss/position/index.html
2024-01-18 16:20:16.320 [info] Active editor: file:///home/facu/repos/top/midHtmlCss/position/styles.css
2024-01-18 16:20:26.949 [info] Executing :w
2024-01-18 16:20:34.439 [info] Executing :w
2024-01-18 16:20:36.255 [info] Active editor: file:///home/facu/repos/top/midHtmlCss/position/index.html
2024-01-18 16:20:37.067 [info] Active editor: file:///home/facu/repos/top/midHtmlCss/position/styles.css
2024-01-18 16:20:48.272 [info] Executing :w
2024-01-18 16:20:55.350 [info] Executing :w
2024-01-18 16:20:58.210 [info] Executing :w
2024-01-18 16:21:04.234 [info] Executing :w
2024-01-18 16:21:28.058 [info] Executing :w
2024-01-18 16:21:47.532 [info] Executing :w
2024-01-18 16:21:53.955 [info] Executing :w
2024-01-18 16:21:56.195 [info] Executing :w
2024-01-18 16:22:06.262 [info] Executing :w
2024-01-18 16:22:22.186 [info] Executing :W
2024-01-18 16:22:58.117 [info] Executing :w
