2024-01-19 08:08:22.706 [info] Configuration changed
2024-01-19 08:08:22.912 [info] Configuration changed
2024-01-19 08:08:23.285 [info] Configuration changed
2024-01-19 08:08:23.530 [info] Configuration changed
2024-01-19 08:08:23.787 [info] Configuration changed
2024-01-19 08:08:31.193 [info] Active editor: file:///home/facu/repos/top/midHtmlCss/functions/styles.css
2024-01-19 08:08:37.789 [info] Executing :w
2024-01-19 08:08:42.291 [info] Executing :w
2024-01-19 08:08:51.768 [info] Active editor: file:///home/facu/repos/top/midHtmlCss/functions/index.html
2024-01-19 08:09:05.590 [info] Executing :w
2024-01-19 08:09:12.894 [info] Active editor: file:///home/facu/repos/top/midHtmlCss/functions/styles.css
2024-01-19 08:09:22.820 [info] Executing :W
2024-01-19 08:09:24.286 [info] Executing :w
2024-01-19 08:09:31.355 [info] Executing :w
2024-01-19 08:09:38.983 [info] Executing :w
2024-01-19 08:10:18.853 [info] Executing :w
2024-01-19 08:10:30.829 [info] Executing :w
2024-01-19 08:12:33.338 [info] Active editor: file:///home/facu/repos/top/midHtmlCss/functions/index.html
2024-01-19 08:12:36.231 [info] Active editor: file:///home/facu/repos/top/midHtmlCss/functions/styles.css
2024-01-19 08:12:42.987 [info] Executing :w
2024-01-19 08:13:16.171 [info] Executing :w
2024-01-19 08:13:36.799 [info] Executing :w
2024-01-19 08:18:56.641 [info] Active editor: file:///home/facu/repos/top/midHtmlCss/functions/index.html
2024-01-19 08:19:15.766 [info] Executing :w
2024-01-19 08:19:17.752 [info] Active editor: file:///home/facu/repos/top/midHtmlCss/functions/styles.css
2024-01-19 08:19:24.344 [info] Executing :w
2024-01-19 08:19:29.708 [info] Executing :w
2024-01-19 08:19:52.640 [info] Executing :w
2024-01-19 08:20:02.796 [info] Executing :w
2024-01-19 08:20:18.595 [info] Executing :w
2024-01-19 08:20:40.355 [info] Executing :w
2024-01-19 08:21:00.986 [info] Executing :w
2024-01-19 08:21:27.488 [info] Executing :W
2024-01-19 08:21:28.711 [info] Executing :w
2024-01-19 08:21:33.379 [info] Executing :W
2024-01-19 08:21:34.449 [info] Executing :w
2024-01-19 08:21:43.664 [info] Executing :w
2024-01-19 08:22:18.951 [info] Executing :W
2024-01-19 08:22:19.996 [info] Executing :w
2024-01-19 08:42:35.822 [info] Active editor: file:///home/facu/repos/top/midHtmlCss/functions/index.html
2024-01-19 08:42:51.414 [info] Active editor: file:///home/facu/repos/top/midHtmlCss/darkTheme/index.html
2024-01-19 08:42:55.478 [info] Active editor: file:///home/facu/repos/top/midHtmlCss/darkTheme/styles.css
2024-01-19 08:42:56.888 [info] Active editor: file:///home/facu/repos/top/midHtmlCss/darkTheme/index.html
2024-01-19 08:42:59.446 [info] /home/facu/repos/top/midHtmlCss/functions/index.html closed
2024-01-19 08:43:01.849 [info] /home/facu/repos/top/midHtmlCss/functions/styles.css closed
2024-01-19 08:44:09.485 [info] Active editor: file:///home/facu/repos/top/midHtmlCss/darkTheme/styles.css
2024-01-19 08:44:22.989 [info] Executing :w
2024-01-19 08:44:24.676 [info] Executing :w
2024-01-19 08:44:25.060 [info] Active editor: file:///home/facu/repos/top/midHtmlCss/darkTheme/index.html
2024-01-19 08:44:35.657 [info] Executing :w
2024-01-19 08:44:37.780 [info] Active editor: file:///home/facu/repos/top/midHtmlCss/darkTheme/styles.css
2024-01-19 08:44:39.373 [info] Executing :W
2024-01-19 08:44:42.413 [info] Executing :w
2024-01-19 08:44:46.484 [info] Active editor: file:///home/facu/repos/top/midHtmlCss/darkTheme/index.html
2024-01-19 08:44:51.281 [info] Active editor: file:///home/facu/repos/top/midHtmlCss/darkTheme/styles.css
2024-01-19 08:45:10.509 [info] Active editor: file:///home/facu/repos/top/midHtmlCss/darkTheme/index.html
2024-01-19 08:45:29.254 [info] Executing :w
2024-01-19 08:45:29.958 [info] Active editor: file:///home/facu/repos/top/midHtmlCss/darkTheme/styles.css
2024-01-19 08:45:32.065 [info] Active editor: file:///home/facu/repos/top/midHtmlCss/darkTheme/index.html
2024-01-19 08:48:19.568 [info] Executing :W
2024-01-19 08:48:26.658 [info] Executing :w
2024-01-19 08:49:20.442 [info] Executing :w
2024-01-19 09:06:53.075 [info] Active editor: file:///home/facu/repos/top/midHtmlCss/darkTheme/styles.css
2024-01-19 09:07:24.592 [info] Executing :w
2024-01-19 09:07:34.882 [info] Executing :w
