2024-01-17 12:19:09.659 [info] Added views:workbench.panel.markers.view in workbench.panel.markers
2024-01-17 12:19:09.659 [info] Added views:workbench.panel.output in workbench.panel.output
2024-01-17 12:19:09.659 [info] Added views:terminal in terminal
2024-01-17 12:19:09.659 [info] Added views:outline in workbench.view.explorer
2024-01-17 12:19:09.659 [info] Added views:workbench.view.search in workbench.view.search
2024-01-17 12:19:09.659 [info] Added views:workbench.scm in workbench.views.service.sidebar.65adef2a-02cc-4adf-b3d7-41bc921d0d52
2024-01-17 12:19:09.659 [info] Added views:timeline in workbench.view.explorer
2024-01-17 12:19:09.659 [info] Added views:workbench.explorer.fileView in workbench.view.explorer
2024-01-17 12:19:10.189 [info] Added views:workbench.debug.variablesView,workbench.debug.watchExpressionsView,workbench.debug.callStackView,workbench.debug.breakPointsView in workbench.view.debug
2024-01-17 12:19:10.221 [info] Added views:workbench.panel.repl.view in workbench.panel.repl
2024-01-17 12:19:10.225 [info] Removed views:workbench.debug.breakPointsView,workbench.debug.callStackView,workbench.debug.watchExpressionsView,workbench.debug.variablesView from workbench.view.debug
2024-01-17 12:19:10.226 [info] Added views:workbench.debug.welcome in workbench.view.debug
2024-01-17 12:19:10.514 [info] Added views:~remote.forwardedPorts in ~remote.forwardedPortsContainer
2024-01-17 12:37:49.796 [info] Added views:workbench.views.extensions.installed,workbench.views.extensions.popular,extensions.recommendedList in workbench.view.extensions
2024-01-17 12:37:49.801 [info] Removed views:workbench.views.extensions.popular from workbench.view.extensions
2024-01-17 12:37:51.512 [info] Removed views:extensions.recommendedList,workbench.views.extensions.installed from workbench.view.extensions
2024-01-17 12:37:51.521 [info] Added views:workbench.views.extensions.marketplace in workbench.view.extensions
2024-01-17 13:01:49.547 [info] Removed views:workbench.views.extensions.marketplace from workbench.view.extensions
2024-01-17 13:01:49.607 [info] Added views:workbench.views.extensions.installed,extensions.recommendedList in workbench.view.extensions
2024-01-17 13:01:51.608 [info] Removed views:extensions.recommendedList,workbench.views.extensions.installed from workbench.view.extensions
2024-01-17 13:01:51.633 [info] Added views:workbench.views.extensions.marketplace in workbench.view.extensions
