2023-12-24 17:50:50.858 [info] Log level: Info
2023-12-24 17:50:50.858 [info] Validating found git in: "git"
2023-12-24 17:50:50.858 [info] Using git "2.43.0" from "git"
2023-12-24 17:50:50.858 [info] > git rev-parse --show-toplevel [12ms]
2023-12-24 17:50:50.858 [info] fatal: not a git repository (or any of the parent directories): .git
2023-12-24 17:50:50.858 [info] > git rev-parse --show-toplevel [4ms]
2023-12-24 17:50:50.858 [info] fatal: not a git repository (or any of the parent directories): .git
2023-12-24 17:50:50.864 [info] > git rev-parse --show-toplevel [9ms]
2023-12-24 17:50:50.864 [info] fatal: not a git repository (or any of the parent directories): .git
2023-12-24 17:50:50.932 [info] > git rev-parse --show-toplevel [4ms]
2023-12-24 17:50:50.932 [info] fatal: not a git repository (or any of the parent directories): .git
2023-12-24 17:50:51.106 [info] > git rev-parse --show-toplevel [1ms]
2023-12-24 17:50:51.106 [info] fatal: not a git repository (or any of the parent directories): .git
2023-12-24 17:52:43.374 [info] > git rev-parse --show-toplevel [1ms]
2023-12-24 17:52:43.374 [info] fatal: not a git repository (or any of the parent directories): .git
2023-12-24 17:52:44.049 [info] > git rev-parse --show-toplevel [1ms]
2023-12-24 17:52:44.049 [info] fatal: not a git repository (or any of the parent directories): .git
2023-12-24 18:01:21.612 [info] > git rev-parse --show-toplevel [1ms]
2023-12-24 18:01:21.612 [info] fatal: not a git repository (or any of the parent directories): .git
2023-12-24 18:02:34.323 [info] > git rev-parse --show-toplevel [7ms]
2023-12-24 18:02:34.323 [info] fatal: not a git repository (or any of the parent directories): .git
2023-12-24 18:02:47.679 [info] > git rev-parse --show-toplevel [9ms]
2023-12-24 18:02:47.679 [info] fatal: not a git repository (or any of the parent directories): .git
2023-12-24 18:03:50.864 [info] > git rev-parse --show-toplevel [8ms]
2023-12-24 18:03:50.864 [info] fatal: not a git repository (or any of the parent directories): .git
2023-12-24 18:04:14.981 [info] > git rev-parse --show-toplevel [8ms]
2023-12-24 18:04:14.981 [info] fatal: not a git repository (or any of the parent directories): .git
2023-12-24 18:04:24.815 [info] > git rev-parse --show-toplevel [1ms]
2023-12-24 18:04:24.815 [info] fatal: not a git repository (or any of the parent directories): .git
2023-12-24 18:04:27.693 [info] > git rev-parse --show-toplevel [2ms]
2023-12-24 18:04:27.693 [info] fatal: not a git repository (or any of the parent directories): .git
